0.756781800915 -0.000208604626771 -4.10534873022 -4.77498424291
0.756055216758 -0.000348153410662 -4.10534873022 -4.77498424291
0.756055216758 -0.000363979046362 -4.10534873022 -4.77498424291
0.756055216758 -0.000382418691135 -4.10534873022 -4.77498424291
0.756055216758 -0.000382418691135 -4.10534873022 -4.77498424291
0.755363260202 -0.000382418691135 -4.10534873022 -4.77498424291
0.755363260202 -0.000382418691135 -4.10534873022 -4.77498424291
0.755363260202 -0.000596266285495 -4.10534873022 -4.77498424291
0.755363260202 -0.00072411802736 -4.10534873022 -4.77498424291
0.755363260202 -0.00072411802736 -4.10534873022 -4.77498424291
0.754727074314 -0.00082195988163 -15.1514472188 -7.06748017607
0.754727074314 -0.00082195988163 -15.1514472188 -7.06748017607
0.754727074314 -0.00082195988163 -15.1514472188 -7.06748017607
0.754727074314 -0.00082195988163 -15.1514472188 -7.06748017607
0.754727074314 -0.00082195988163 -15.1514472188 -7.06748017607
0.754727074314 -0.000913524583069 -15.1514472188 -7.06748017607
0.753639625918 -0.000938672794916 -15.1514472188 -7.06748017607
0.753639625918 -0.000938672794916 -15.1514472188 -7.06748017607
0.750785328395 -0.000938672794916 -15.1514472188 -7.06748017607
0.750785328395 -0.0010707728878 -15.1514472188 -7.06748017607
0.750785328395 -0.00119787842291 -15.1514472188 -7.06748017607
0.750785328395 -0.00119488958996 -15.1514472188 -7.06748017607
0.748814711133 -0.00119488958996 -4.63643530299 -11.1579183264
0.748814711133 -0.00119488958996 -4.63643530299 -11.1579183264
0.748814711133 -0.00119488958996 -4.63643530299 -11.1579183264
0.748814711133 -0.00138310341521 -4.63643530299 -11.1579183264
0.748814711133 -0.00138310341521 -4.63643530299 -11.1579183264
0.746497714284 -0.00139589194344 -4.63643530299 -11.1579183264
0.746497714284 -0.00139589194344 -4.63643530299 -11.1579183264
0.746497714284 -0.00100110826559 -4.63643530299 -11.1579183264
0.746497714284 -0.00100110826559 -4.63643530299 -11.1579183264
0.744544365725 -0.000845178115213 -4.63643530299 -11.0035831483
0.741428733821 -0.000774166063561 -0.311512742966 -11.0035831483
0.741428733821 -0.000870412040097 -0.311512742966 -11.0035831483
0.741428733821 -0.000870412040097 -0.311512742966 -11.0035831483
0.738869666091 -0.000870412040097 -0.311512742966 -11.0035831483
0.73555532414 -0.000870412040097 -0.311512742966 -11.0035831483
0.73555532414 -0.000870412040097 -0.311512742966 -11.0035831483
0.73555532414 -0.00100225649878 -0.311512742966 -11.0035831483
0.73555532414 -0.00100225649878 -0.311512742966 -11.0035831483
0.73555532414 -0.00102598258296 -0.311512742966 -11.0035831483
0.73555532414 -0.00102598258296 -0.311512742966 -11.0035831483
0.73555532414 -0.00101514073496 -0.311512742966 -11.0035831483
0.73555532414 -0.000951760609848 -0.311512742966 -11.0035831483
0.731670702263 -0.00104309077351 -8.73395459409 -10.1127633408
0.731670702263 -0.00109873748304 -8.73395459409 -10.1127633408
0.731670702263 -0.00109873748304 -8.73395459409 -10.1127633408
0.731670702263 -0.00109873748304 -8.73395459409 -10.1127633408
0.728411679396 -0.00121009665571 -8.73395459409 -10.1127633408
0.723312630163 -0.00121009665571 -8.73395459409 -10.1127633408
0.723312630163 -0.00151369602092 -7.7575411658 -14.7596080239
0.719579728435 -0.00151369602092 -7.7575411658 -14.7596080239
0.719579728435 -0.00127710100074 -7.7575411658 -14.7596080239
0.716358632612 -0.00122349200004 -7.7575411658 -14.7596080239
0.716358632612 -0.00106264177767 -7.7575411658 -14.7596080239
0.716358632612 -0.00106264177767 -7.7575411658 -14.7596080239
0.716358632612 -0.00078872601129 -7.7575411658 -14.7596080239
0.709928376119 -0.000787675667627 -7.7575411658 -14.7596080239
0.707739658607 -0.000787675667627 -7.7575411658 -14.7596080239
0.707739658607 -0.000787675667627 -7.7575411658 -14.7596080239
0.707739658607 -0.000787675667627 -7.7575411658 -14.7596080239
0.707739658607 -0.000787675667627 -7.7575411658 -14.7596080239
0.707739658607 -0.00100384882698 -7.7575411658 -14.7596080239
0.707739658607 -0.000987600925143 -7.7575411658 -14.7596080239
0.707739658607 -0.000987600925143 -7.7575411658 -14.7596080239
0.707739658607 -0.000987600925143 -7.7575411658 -14.7596080239
0.707739658607 -0.000987600925143 0.0941551854575 -10.0489349974
0.705111259191 -0.00119139010966 0.0941551854575 -10.0489349974
0.705111259191 -0.00133241787677 0.0941551854575 -10.0489349974
0.705111259191 -0.00133241787677 0.0941551854575 -10.0489349974
0.705111259191 -0.00120935873381 0.0941551854575 -10.0489349974
0.703103464998 -0.00120935873381 0.0941551854575 -10.0489349974
0.703103464998 -0.00120935873381 0.0941551854575 -10.0489349974
0.703103464998 -0.00120935873381 0.0941551854575 -10.0489349974
0.703103464998 -0.000959982001188 0.0941551854575 -10.0489349974
0.703103464998 -0.00100395941457 0.0941551854575 -10.0489349974
0.701308370392 -0.00128704728807 0.0941551854575 -10.0489349974
0.701308370392 -0.00128704728807 0.0941551854575 -10.0489349974
0.701308370392 -0.00128704728807 -9.58915549884 -10.8440270453
0.701308370392 -0.00128704728807 -9.58915549884 -10.8440270453
0.701308370392 -0.00177889458794 -9.58915549884 -10.8440270453
0.698569233239 -0.00177889458794 -9.58915549884 -10.8440270453
0.698569233239 -0.00185760825226 -9.58915549884 -10.8440270453
0.698569233239 -0.00186024057817 -9.58915549884 -10.8440270453
0.698569233239 -0.00186024057817 -9.58915549884 -10.8440270453
0.695562909773 -0.00186024057817 -9.58915549884 -10.8440270453
0.695562909773 -0.00186024057817 -9.58915549884 -10.8440270453
0.692530982185 -0.00213196791089 -9.58915549884 -10.8440270453
0.692530982185 -0.00213196791089 -9.58915549884 -10.8440270453
0.692530982185 -0.00213196791089 -9.58915549884 -10.8440270453
0.692530982185 -0.00217538957018 -9.58915549884 -10.8440270453
0.692530982185 -0.00217538957018 -9.58915549884 -10.8440270453
0.692530982185 -0.00216462290169 -3.6424231507 -14.2013517024
0.692530982185 -0.00225086032152 -3.6424231507 -14.2013517024
0.691134346512 -0.00213772087131 -3.6424231507 -14.2013517024
0.691134346512 -0.00213772087131 -3.6424231507 -14.2013517024
0.691134346512 -0.00213772087131 -3.6424231507 -14.2013517024
0.691134346512 -0.00213772087131 -3.6424231507 -14.2013517024
0.691134346512 -0.00213772087131 -3.6424231507 -14.2013517024
0.690394637153 -0.00179008887834 -3.6424231507 -14.2013517024
0.690394637153 -0.00175215919048 -3.6424231507 -14.2013517024
0.690394637153 -0.0016443449541 -3.6424231507 -14.2013517024
0.690946348669 -0.0016443449541 -3.6424231507 -14.2013517024
0.690946348669 -0.00172154505473 -3.6424231507 -14.2013517024
0.691600684085 -0.00168234993612 -4.58749624141 -11.6908549636
0.691600684085 -0.00168234993612 -4.58749624141 -11.6908549636
0.691600684085 -0.00176365361533 -4.58749624141 -11.6908549636
0.691369980034 -0.00181559778087 -4.58749624141 -11.6908549636
0.691369980034 -0.00181559778087 -4.58749624141 -11.6908549636
0.691369980034 -0.00181559778087 -4.58749624141 -11.6908549636
0.691369980034 -0.00181559778087 -4.58749624141 -11.6908549636
0.691369980034 -0.0018987472563 -4.58749624141 -11.6908549636
0.690053074467 -0.00191242850315 -14.6833967298 -12.9941141539
0.690053074467 -0.00191242850315 -14.6833967298 -12.9941141539
0.690053074467 -0.00191242850315 -14.6833967298 -12.9941141539
0.688525529033 -0.00184987571217 -14.6833967298 -12.9941141539
0.688525529033 -0.0020710354386 -14.6833967298 -12.9941141539
0.688525529033 -0.00200569334164 -14.6833967298 -12.9941141539
0.688525529033 -0.00200569334164 -14.6833967298 -12.9941141539
0.688525529033 -0.00200569334164 -14.6833967298 -12.9941141539
0.687218152995 -0.00212007455884 -14.6833967298 -12.9941141539
0.685750094324 -0.00212007455884 -14.6833967298 -12.9941141539
0.685750094324 -0.00212007455884 -14.6833967298 -12.9941141539
0.685750094324 -0.00212007455884 -14.6833967298 -12.9941141539
0.685750094324 -0.00210592966237 -6.83243840886 -17.7090462847
0.685436077847 -0.002097960444 -6.83243840886 -17.7090462847
0.685436077847 -0.00213765513786 -6.83243840886 -17.7090462847
0.685436077847 -0.00213765513786 -6.83243840886 -17.7090462847
0.685436077847 -0.00215156393254 -6.83243840886 -17.7090462847
0.685495807693 -0.0021992289033 -6.83243840886 -17.7090462847
0.685563954727 -0.0021992289033 -6.83243840886 -17.7090462847
0.685563954727 -0.00218579512743 -2.31375711152 -16.7784960902
0.684728414926 -0.0023086635906 -2.31375711152 -16.7784960902
0.684728414926 -0.00218676963616 -2.31375711152 -16.7784960902
0.684067266104 -0.00215672821589 -2.31375711152 -16.7784960902
0.684067266104 -0.00215672821589 -2.31375711152 -16.7784960902
0.682099654244 -0.00215672821589 -2.31375711152 -16.7784960902
0.682099654244 -0.00200103091283 -2.31375711152 -16.7784960902
0.682099654244 -0.00200103091283 -2.31375711152 -16.7784960902
0.682099654244 -0.00176300933043 -2.31375711152 -16.7784960902
0.682099654244 -0.00176300933043 -15.5027329859 -21.2796188813
0.682099654244 -0.00176300933043 -15.5027329859 -21.2796188813
0.680028633261 -0.00176300933043 -15.5027329859 -21.2796188813
0.680028633261 -0.00176300933043 -15.5027329859 -21.2796188813
0.680028633261 -0.0012917684506 -15.5027329859 -21.2796188813
0.680028633261 -0.0012917684506 -15.5027329859 -21.2796188813
0.679245008134 -0.00141711946309 -15.5027329859 -21.2796188813
0.679245008134 -0.00141711946309 -15.5027329859 -21.2796188813
0.679245008134 -0.00141711946309 -15.5027329859 -21.2796188813
0.678250667403 -0.0016896274043 -15.5027329859 -21.2796188813
0.678250667403 -0.00183609274587 -15.5027329859 -21.2796188813
0.676286303329 -0.00204765400584 -15.5027329859 -21.2796188813
0.676286303329 -0.00192544908723 -12.3300488425 -22.1405923679
0.674467811972 -0.00192544908723 -12.3300488425 -22.1405923679
0.674467811972 -0.00192544908723 -12.3300488425 -22.1405923679
0.674467811972 -0.0019954598516 -12.3300488425 -22.1405923679
0.674467811972 -0.00244425496386 -12.3300488425 -22.1405923679
0.673863662722 -0.00244425496386 -12.3300488425 -22.1405923679
0.673863662722 -0.00262582533244 -12.3300488425 -22.1405923679
0.673863662722 -0.00262582533244 -8.69523590228 -18.7989414946
0.673863662722 -0.00262582533244 -8.69523590228 -18.7989414946
0.673863662722 -0.00304494475663 -8.69523590228 -18.7989414946
0.672098776767 -0.00323509797205 -8.69523590228 -18.7989414946
0.669347960822 -0.00348833201772 -8.69523590228 -18.7989414946
0.669347960822 -0.00355813956888 -8.69523590228 -18.7989414946
0.669347960822 -0.00360174573641 -8.69523590228 -18.7989414946
0.669347960822 -0.00360174573641 -8.69523590228 -18.7989414946
0.669347960822 -0.00360174573641 -8.69523590228 -18.7989414946
0.669347960822 -0.00360174573641 -8.69523590228 -18.7989414946
0.669347960822 -0.00344962693609 -8.69523590228 -18.7989414946
0.669347960822 -0.00349504710207 -8.69523590228 -18.7989414946
0.666529626539 -0.00349504710207 -13.9872315846 -13.8420445068
0.666529626539 -0.00353504863763 -13.9872315846 -13.8420445068
0.666529626539 -0.00353504863763 -13.9872315846 -13.8420445068
0.666529626539 -0.00353504863763 -13.9872315846 -13.8420445068
0.662812626724 -0.00357419489836 -13.9872315846 -13.8420445068
0.662812626724 -0.0036060857881 -13.9872315846 -13.8420445068
0.661869469722 -0.00358908173471 -13.9872315846 -13.8420445068
0.660777404772 -0.00358908173471 -11.648717062 -17.9533783349
0.660777404772 -0.00359244228956 -11.648717062 -17.9533783349
0.65936542492 -0.00359244228956 -11.648717062 -17.9533783349
0.65936542492 -0.00359244228956 -11.648717062 -17.9533783349
0.65936542492 -0.00349641045359 -11.648717062 -17.9533783349
0.65818279939 -0.00349641045359 -11.648717062 -17.9533783349
0.65818279939 -0.00341871222087 -11.648717062 -17.9533783349
0.65818279939 -0.0032966195233 -11.648717062 -17.9533783349
0.65818279939 -0.0032966195233 -11.648717062 -17.9533783349
0.65818279939 -0.0032966195233 -11.648717062 -17.9533783349
0.65818279939 -0.00298556511711 -11.648717062 -17.9533783349
0.65818279939 -0.00285480785998 -11.648717062 -17.9533783349
0.656492564067 -0.00271147278052 -11.648717062 -17.9533783349
0.656492564067 -0.00271147278052 -11.648717062 -17.9533783349
0.656492564067 -0.00271147278052 -11.648717062 -17.9533783349
0.656492564067 -0.00271147278052 -8.44613449211 -17.1519559726
0.655991510785 -0.00258997800082 -8.44613449211 -17.1519559726
0.655991510785 -0.00263891748909 -8.44613449211 -17.1519559726
0.655991510785 -0.00263891748909 -8.44613449211 -17.1519559726
0.655991510785 -0.00264641654514 -8.44613449211 -17.1519559726
0.655310055671 -0.00264641654514 -8.44613449211 -17.1519559726
0.655310055671 -0.00264641654514 -8.44613449211 -17.1519559726
0.655310055671 -0.00292908003958 -8.44613449211 -17.1519559726
0.654670505078 -0.00295166384711 -8.44613449211 -17.1519559726
0.654670505078 -0.00295166384711 -8.44613449211 -17.1519559726
0.654670505078 -0.00295166384711 -18.7181736625 -16.3041818444
0.654464419751 -0.00307292502192 -18.7181736625 -16.3041818444
0.654464419751 -0.00307292502192 -18.7181736625 -16.3041818444
0.654464419751 -0.00306027981468 -18.7181736625 -16.3041818444
0.654464419751 -0.00306027981468 -18.7181736625 -16.3041818444
0.654464419751 -0.00306027981468 -18.7181736625 -16.3041818444
0.654464419751 -0.00306027981468 -18.7181736625 -16.3041818444
0.654229444915 -0.00306027981468 -18.7181736625 -16.3041818444
0.654229444915 -0.00328295367324 -18.7181736625 -16.3041818444
0.654229444915 -0.00328295367324 -18.7181736625 -16.3041818444
0.654229444915 -0.00328295367324 -18.7181736625 -16.3041818444
0.654229444915 -0.00324614591154 -18.7181736625 -16.3041818444
0.653637662848 -0.00324614591154 -18.7181736625 -16.3041818444
0.653637662848 -0.00324614591154 -18.7181736625 -16.3041818444
0.653637662848 -0.00324614591154 -18.7181736625 -16.3041818444
0.653637662848 -0.00313351132562 -18.7181736625 -16.3041818444
0.6525998846 -0.00285392382568 -18.7181736625 -16.3041818444
0.6525998846 -0.00285392382568 -9.20104787441 -21.0454688578
0.6525998846 -0.00285392382568 -9.20104787441 -21.0454688578
0.6525998846 -0.00285392382568 -9.20104787441 -21.0454688578
0.6525998846 -0.00317499766467 -9.20104787441 -21.0454688578
0.651120881015 -0.00309305098488 -9.20104787441 -21.0454688578
0.651120881015 -0.00309305098488 -9.20104787441 -21.0454688578
0.651120881015 -0.00309305098488 -9.20104787441 -21.0454688578
0.651120881015 -0.00309305098488 -9.20104787441 -21.0454688578
0.651120881015 -0.002923658317 -9.20104787441 -21.0454688578
0.651120881015 -0.00271686376482 -9.20104787441 -21.0454688578
0.65034228751 -0.00271686376482 -9.20104787441 -21.0454688578
0.65034228751 -0.00225803678783 -10.0900040943 -14.0805972703
0.64983660792 -0.00225803678783 -10.0900040943 -14.0805972703
0.64983660792 -0.00230942866215 -10.0900040943 -14.0805972703
0.64983660792 -0.00230942866215 -10.0900040943 -14.0805972703
0.64983660792 -0.00238996296852 -10.0900040943 -14.0805972703
0.649631015699 -0.00234537463623 -10.0900040943 -14.0805972703
0.649546211912 -0.00233209130603 -21.4524170832 -9.11547030859
0.649546211912 -0.00272335171641 -21.4524170832 -9.11547030859
0.649443752589 -0.00272335171641 -21.4524170832 -9.11547030859
0.649443752589 -0.00247978324409 -21.4524170832 -9.11547030859
0.649443752589 -0.00247978324409 -21.4524170832 -9.11547030859
0.649443752589 -0.00253432028483 -21.4524170832 -9.11547030859
0.649443752589 -0.00253432028483 -21.4524170832 -9.11547030859
0.648131788771 -0.00253432028483 -21.4524170832 -9.11547030859
0.648131788771 -0.00315760579196 -21.4524170832 -9.11547030859
0.648131788771 -0.00315760579196 -21.4524170832 -9.11547030859
0.646977575934 -0.00312200365652 -21.4524170832 -9.11547030859
0.646977575934 -0.00312200365652 -21.4524170832 -9.11547030859
0.646977575934 -0.00312200365652 -21.4524170832 -9.11547030859
0.646977575934 -0.00312200365652 -21.4524170832 -9.11547030859
0.646977575934 -0.0028237481658 -21.4524170832 -9.11547030859
0.646977575934 -0.00246322588947 -16.495786081 -8.28633026543
0.644886321674 -0.00256921717557 -16.495786081 -8.28633026543
0.644886321674 -0.00256921717557 -16.495786081 -8.28633026543
0.644886321674 -0.00256921717557 -16.495786081 -8.28633026543
0.644886321674 -0.00256921717557 -16.495786081 -8.28633026543
0.643751568202 -0.00261684942968 -16.495786081 -8.28633026543
0.643751568202 -0.00261684942968 -16.495786081 -8.28633026543
0.643751568202 -0.0026976409636 -16.495786081 -8.28633026543
0.643751568202 -0.0026976409636 -16.495786081 -8.28633026543
0.643751568202 -0.00288264131522 -16.495786081 -8.28633026543
0.642583736183 -0.00288264131522 -16.495786081 -8.28633026543
0.642583736183 -0.00287587766609 -16.495786081 -8.28633026543
0.642583736183 -0.00293481457737 -16.495786081 -8.28633026543
0.642583736183 -0.00291969461709 -9.22937799851 -10.513197815
0.641875765118 -0.00291969461709 -9.22937799851 -10.513197815
0.641875765118 -0.00291969461709 -9.22937799851 -10.513197815
0.641875765118 -0.00288342687202 -9.22937799851 -10.513197815
0.641875765118 -0.00250324868728 -9.22937799851 -10.513197815
0.640573656652 -0.00237405056325 -9.22937799851 -10.513197815
0.640573656652 -0.00237405056325 -9.22937799851 -10.513197815
0.640573656652 -0.00237405056325 -9.22937799851 -10.513197815
0.639866243791 -0.00191569738837 -9.22937799851 -10.513197815
0.639866243791 -0.00191569738837 -9.22937799851 -10.513197815
0.639866243791 -0.00191456268017 -9.48695668274 -14.077562364
0.639036859243 -0.00191456268017 -9.48695668274 -14.077562364
0.639036859243 -0.00192799234232 -9.48695668274 -14.077562364
0.638252985397 -0.00190724812243 -9.48695668274 -14.077562364
0.638252985397 -0.00190724812243 -9.48695668274 -14.077562364
0.638252985397 -0.00190724812243 -9.48695668274 -14.077562364
0.638252985397 -0.00174641147829 -9.48695668274 -14.077562364
0.63604238364 -0.0019010962683 -9.48695668274 -14.077562364
0.63604238364 -0.00186050184614 -9.48695668274 -14.077562364
0.63604238364 -0.00137537626068 -9.48695668274 -14.077562364
0.63604238364 -0.00152042135383 -7.19868160497 -17.3673337436
0.633078528265 -0.00152042135383 -7.19868160497 -17.3673337436
0.633078528265 -0.00150235848664 -7.19868160497 -17.3673337436
0.633078528265 -0.00150235848664 -7.19868160497 -17.3673337436
0.633078528265 -0.00150235848664 -7.19868160497 -17.3673337436
0.632021036458 -0.00142261956105 -7.19868160497 -17.3673337436
0.632021036458 -0.00142261956105 -7.19868160497 -17.3673337436
0.632021036458 -0.0014399249459 -7.19868160497 -17.3673337436
0.632021036458 -0.0014399249459 -7.19868160497 -17.3673337436
0.632021036458 -0.0014399249459 -7.19868160497 -17.3673337436
0.630879336703 -0.0014399249459 -7.19868160497 -17.3673337436
0.630879336703 -0.0014399249459 -7.19868160497 -17.3673337436
0.630879336703 -0.00191155198084 -7.19868160497 -17.3673337436
0.630879336703 -0.00205520583884 -4.87862532457 -16.2393277599
0.630216579628 -0.00225260678823 -4.87862532457 -16.2393277599
0.629188451014 -0.00225260678823 -4.87862532457 -16.2393277599
0.629188451014 -0.00225260678823 -4.87862532457 -16.2393277599
0.629188451014 -0.00234540408235 -4.87862532457 -16.2393277599
0.629188451014 -0.00234540408235 -4.87862532457 -16.2393277599
0.629188451014 -0.00234540408235 -4.87862532457 -16.2393277599
0.627669244869 -0.00251127269806 -4.87862532457 -16.2393277599
0.626040891711 -0.00275977653135 -5.56699060829 -16.008461382
0.626040891711 -0.0030650400623 -5.56699060829 -16.008461382
0.626040891711 -0.00320618588308 -5.56699060829 -16.008461382
0.625459634034 -0.00320618588308 -5.56699060829 -16.008461382
0.625459634034 -0.00320618588308 -5.56699060829 -16.008461382
0.625459634034 -0.00320618588308 -5.56699060829 -16.008461382
0.625459634034 -0.00320618588308 -5.56699060829 -16.008461382
0.625459634034 -0.00320618588308 -5.56699060829 -16.008461382
0.625459634034 -0.00325162754194 -5.56699060829 -16.008461382

0.625365992081 -0.00328576124616 -5.56699060829 -16.008461382
0.625365992081 -0.00328576124616 -5.56699060829 -16.008461382
0.625365992081 -0.00331902650876 -5.56699060829 -16.008461382
0.625365992081 -0.00331902650876 -5.56699060829 -16.008461382
0.625365992081 -0.00331902650876 -5.56699060829 -16.008461382
0.625172565917 -0.00331902650876 -1.66975045729 -18.0901630387
0.625172565917 -0.00329270262324 -1.66975045729 -18.0901630387
0.625172565917 -0.00309233503774 -1.66975045729 -18.0901630387
0.625172565917 -0.0030304413684 -1.66975045729 -18.0901630387
0.625172565917 -0.0030304413684 -1.66975045729 -18.0901630387
0.625456953467 -0.00302267054694 -1.66975045729 -18.0901630387
0.625456953467 -0.00301462079383 -1.66975045729 -18.0901630387
0.62617814753 -0.00300653381572 -1.66975045729 -18.0901630387
0.62617814753 -0.00300653381572 -1.66975045729 -18.0901630387
0.62617814753 -0.00319297241105 -1.66975045729 -18.0901630387
0.626892842388 -0.00331058610246 -1.66975045729 -18.0901630387
0.626892842388 -0.00331058610246 -1.66975045729 -18.0901630387
0.626892842388 -0.00334376963823 -0.238720958321 -14.8094938954
0.626892842388 -0.00334376963823 -0.238720958321 -14.8094938954
0.626892842388 -0.00334376963823 -0.238720958321 -14.8094938954
0.628270156792 -0.00334376963823 -0.238720958321 -14.8094938954
0.628270156792 -0.00334376963823 -0.238720958321 -14.8094938954
0.628270156792 -0.00337811488991 -0.238720958321 -14.8094938954
0.628270156792 -0.00337811488991 -0.238720958321 -14.8094938954
0.629689799746 -0.00328452739334 -0.238720958321 -14.8094938954
0.630517607093 -0.00328885616975 -8.11409124035 -17.5173157064
0.630517607093 -0.00328885616975 -8.11409124035 -17.5173157064
0.630517607093 -0.0030413317702 -8.11409124035 -17.5173157064
0.630517607093 -0.0030413317702 -8.11409124035 -17.5173157064
0.632887979109 -0.00333027527394 -8.11409124035 -17.5173157064
0.632887979109 -0.00333027527394 -8.11409124035 -17.5173157064
0.632887979109 -0.00333027527394 -8.11409124035 -17.5173157064
0.632887979109 -0.00333027527394 -8.11409124035 -17.5173157064
0.637216509904 -0.00346379347241 -8.11409124035 -17.5173157064
0.637216509904 -0.00348087458594 -8.11409124035 -17.5173157064
0.639467628913 -0.00348087458594 -3.30592947263 -15.6352580285
0.639467628913 -0.00342296135156 -3.30592947263 -15.6352580285
0.641144378311 -0.00332324615397 -3.30592947263 -15.6352580285
0.641144378311 -0.00332324615397 -3.30592947263 -15.6352580285
0.641144378311 -0.00332324615397 -3.30592947263 -15.6352580285
0.641144378311 -0.00301419070069 -3.30592947263 -15.6352580285
0.641144378311 -0.0027037336478 -3.30592947263 -15.6352580285
0.644940376409 -0.00235212384926 -4.77047914715 -15.0266003187
0.644940376409 -0.00226473251373 -4.77047914715 -15.0266003187
0.644940376409 -0.00226473251373 -4.77047914715 -15.0266003187
0.647984409959 -0.00226473251373 -4.77047914715 -15.0266003187
0.647984409959 -0.00247736698932 -4.77047914715 -15.0266003187
0.647984409959 -0.00250198989505 -4.77047914715 -15.0266003187
0.647984409959 -0.00250198989505 -4.77047914715 -15.0266003187
0.647984409959 -0.00242397375732 -4.77047914715 -15.0266003187
0.651169015943 -0.00242397375732 -4.77047914715 -15.0266003187
0.651169015943 -0.00242397375732 -4.77047914715 -15.0266003187
0.651169015943 -0.00237675131931 -4.77047914715 -15.0266003187
0.651169015943 -0.00237675131931 -4.77047914715 -15.0266003187
0.65321238867 -0.00237675131931 -4.77047914715 -15.0266003187
0.65321238867 -0.00237776565835 -4.77047914715 -15.0266003187
0.65321238867 -0.00237776565835 -4.77047914715 -15.0266003187
0.65321238867 -0.00237776565835 -2.20448166817 -16.0271019644
0.654926409831 -0.00269917897016 -2.20448166817 -16.0271019644
0.654926409831 -0.00269917897016 -2.20448166817 -16.0271019644
0.654926409831 -0.00277234882271 -2.20448166817 -16.0271019644
0.654926409831 -0.00277234882271 -2.20448166817 -16.0271019644
0.655986655644 -0.00277234882271 -2.20448166817 -16.0271019644
0.655986655644 -0.00242908900407 -2.20448166817 -16.0271019644
0.655986655644 -0.00242908900407 -2.20448166817 -16.0271019644
0.657614538277 -0.00242908900407 -2.20448166817 -16.0271019644
0.657614538277 -0.00242908900407 -2.20448166817 -16.0271019644
0.657614538277 -0.00255557754519 -5.28804613134 -13.9730565198
0.658417923486 -0.00238492527475 -5.28804613134 -13.9730565198
0.658417923486 -0.00212615617612 -5.28804613134 -13.9730565198
0.658417923486 -0.00212615617612 -5.28804613134 -13.9730565198
0.658417923486 -0.00212615617612 -5.28804613134 -13.9730565198
0.658815265246 -0.00230278412016 -5.28804613134 -13.9730565198
0.658815265246 -0.00236211027717 -5.28804613134 -13.9730565198
0.658815265246 -0.00236211027717 -5.28804613134 -13.9730565198
0.658815265246 -0.00242162806595 -5.28804613134 -13.9730565198
0.659703746828 -0.00242162806595 -5.28804613134 -13.9730565198
0.659703746828 -0.00242162806595 -5.28804613134 -13.9730565198
0.659703746828 -0.00245327855812 -5.28804613134 -13.9730565198
0.66130621646 -0.0022565045992 -3.13128994113 -12.9153761251
0.66130621646 -0.0022565045992 -3.13128994113 -12.9153761251
0.66130621646 -0.0022565045992 -3.13128994113 -12.9153761251
0.66130621646 -0.00225451140159 -3.13128994113 -12.9153761251
0.662969794943 -0.00216634495338 -3.13128994113 -12.9153761251
0.662969794943 -0.00218106860888 -3.13128994113 -12.9153761251
0.662969794943 -0.00218106860888 -3.13128994113 -12.9153761251
0.662969794943 -0.00218106860888 -3.13128994113 -12.9153761251
0.662969794943 -0.00218106860888 -3.13128994113 -12.9153761251
0.662969794943 -0.00218106860888 -3.13128994113 -12.9153761251
0.663536654237 -0.00273261650834 -3.13128994113 -12.9153761251
0.663536654237 -0.00273261650834 -3.13128994113 -12.9153761251
0.66366683529 -0.00267508718062 -3.13128994113 -12.9153761251
0.66366683529 -0.00273568034724 -1.74504519216 -15.7621161646
0.664773918772 -0.00253945286096 -1.74504519216 -15.7621161646
0.664773918772 -0.00253945286096 -1.74504519216 -15.7621161646
0.664773918772 -0.00253945286096 -1.74504519216 -15.7621161646
0.664773918772 -0.00253945286096 -1.74504519216 -15.7621161646
0.664773918772 -0.00253945286096 -1.74504519216 -15.7621161646
0.66514936111 -0.0027988470487 -1.74504519216 -15.7621161646
0.664969113865 -0.00261119993904 -1.74504519216 -15.7621161646
0.664969113865 -0.00261119993904 -1.74504519216 -15.7621161646
0.664969113865 -0.00261119993904 -1.74504519216 -15.7621161646
0.664969113865 -0.00261119993904 -1.74504519216 -15.7621161646
0.664969113865 -0.00267019833647 -14.6689278871 -15.0253609716
0.665366207527 -0.00266194129787 -14.6689278871 -15.0253609716
0.665366207527 -0.00265929823309 -14.6689278871 -15.0253609716
0.665366207527 -0.00265929823309 -14.6689278871 -15.0253609716
0.666365622499 -0.00250104024128 -14.6689278871 -15.0253609716
0.666365622499 -0.00250104024128 -14.6689278871 -15.0253609716
0.666365622499 -0.00245565721258 -14.6689278871 -15.0253609716
0.667342982144 -0.00245565721258 -14.6689278871 -15.0253609716
0.667342982144 -0.00206123922754 -1.82745232787 -13.23479642
0.667342982144 -0.00224560317432 -1.82745232787 -13.23479642
0.668010999378 -0.00224560317432 -1.82745232787 -13.23479642
0.668010999378 -0.00224560317432 -1.82745232787 -13.23479642
0.668913312132 -0.00157533292768 -1.82745232787 -13.23479642
0.668913312132 -0.00157533292768 -1.82745232787 -13.23479642
0.668913312132 -0.00160653101608 -1.82745232787 -13.23479642
0.669876360534 -0.0016169412756 -1.82745232787 -13.23479642
0.671777535796 -0.00144876587682 -1.82745232787 -13.23479642
0.671777535796 -0.0014592624671 -2.08216981693 -17.8912566174
0.671777535796 -0.0014592624671 -2.08216981693 -17.8912566174
0.671777535796 -0.0014592624671 -2.08216981693 -17.8912566174
0.671777535796 -0.0014592624671 -2.08216981693 -17.8912566174
0.671777535796 -0.0014592624671 -2.08216981693 -17.8912566174
0.671777535796 -0.00146890231752 -2.08216981693 -17.8912566174
0.673775709091 -0.0015237221767 -2.08216981693 -17.8912566174
0.673775709091 -0.00170745381007 -2.08216981693 -17.8912566174
0.673775709091 -0.00170745381007 -2.08216981693 -17.8912566174
0.673775709091 -0.00170745381007 -2.08216981693 -17.8912566174
0.673775709091 -0.00189490971741 -2.08216981693 -17.8912566174
0.675478292633 -0.00154972534983 -2.08216981693 -17.8912566174
0.675478292633 -0.00154972534983 -2.08216981693 -17.8912566174
0.675478292633 -0.00125517437514 -2.08216981693 -17.8912566174
0.675478292633 -0.00125517437514 -2.08216981693 -17.8912566174
0.675478292633 -0.00125517437514 -2.08216981693 -17.8912566174
0.676414283801 -0.00125517437514 -2.08216981693 -11.9015273349
0.676414283801 -0.00136853584389 -1.96654237075 -11.9015273349
0.676414283801 -0.00170450854415 -1.96654237075 -11.9015273349
0.677087293858 -0.00184134489661 -1.96654237075 -11.9015273349
0.677593908771 -0.00186465685012 -1.96654237075 -11.9015273349
0.677593908771 -0.00200497206164 -1.96654237075 -11.9015273349
0.677593908771 -0.0021695140336 -1.96654237075 -11.9015273349
0.679659476471 -0.00222215267776 0.29024948339 -11.9837977325
0.679659476471 -0.00222215267776 0.29024948339 -11.9837977325
0.679659476471 -0.00222215267776 0.29024948339 -11.9837977325
0.679659476471 -0.00219539025021 0.29024948339 -11.9837977325
0.679659476471 -0.00219539025021 0.29024948339 -11.9837977325
0.680537695022 -0.00219539025021 0.29024948339 -11.9837977325
0.680537695022 -0.00232149108974 0.29024948339 -11.9837977325
0.680537695022 -0.0026238859246 0.29024948339 -11.9837977325
0.680537695022 -0.00272063731056 0.29024948339 -11.9837977325
0.680989670395 -0.00272063731056 0.29024948339 -11.9837977325
0.680989670395 -0.00272063731056 0.29024948339 -11.9837977325
0.680989670395 -0.00303096801098 -3.54575951354 -12.1075712403
0.681895274546 -0.00303751161832 -3.54575951354 -12.1075712403
0.681895274546 -0.00296321112841 -3.54575951354 -12.1075712403
0.683609866936 -0.00296321112841 -3.54575951354 -12.1075712403
0.683609866936 -0.00296321112841 -3.54575951354 -12.1075712403
0.683609866936 -0.00250992389284 -3.54575951354 -12.1075712403
0.683609866936 -0.00250992389284 -3.54575951354 -12.1075712403
0.683609866936 -0.00213462855939 -3.54575951354 -12.1075712403
0.685345183816 -0.00230434328776 -3.54575951354 -12.1075712403
0.685345183816 -0.00230434328776 -3.54575951354 -12.1075712403
0.685345183816 -0.00230434328776 -3.54575951354 -12.1075712403
0.685345183816 -0.00230434328776 -3.54575951354 -12.1075712403
0.687324708871 -0.00233902510058 -6.15586503545 -11.0490494932
0.687324708871 -0.00239981748776 -6.15586503545 -11.0490494932
0.687324708871 -0.00233201414949 -6.15586503545 -11.0490494932
0.687324708871 -0.00233201414949 -6.15586503545 -11.0490494932
0.688847319182 -0.00233201414949 -6.15586503545 -11.0490494932
0.688847319182 -0.00251998457107 -6.15586503545 -11.0490494932
0.688847319182 -0.00246666435557 -6.15586503545 -11.0490494932
0.690096653065 -0.00246666435557 -6.15586503545 -11.0490494932
0.690096653065 -0.00246666435557 -6.15586503545 -11.0490494932
0.690096653065 -0.00231892906992 -6.15586503545 -11.0490494932
0.690769507472 -0.00219342046233 -6.15586503545 -11.0490494932
0.690769507472 -0.00198764066419 -6.15586503545 -11.0490494932
0.690769507472 -0.00198764066419 -6.15586503545 -11.0490494932
0.690769507472 -0.00198764066419 -6.15586503545 -11.0490494932
0.690769507472 -0.00215892231334 -6.15586503545 -11.0490494932
0.690799053966 -0.00216705631382 -6.15586503545 -11.0490494932
0.690799053966 -0.00218278413561 -6.15586503545 -11.0490494932
0.690799053966 -0.00218278413561 -2.71148289575 -9.16829967987
0.691661977789 -0.00234891505205 -2.71148289575 -9.16829967987
0.691661977789 -0.00234891505205 -2.71148289575 -9.16829967987
0.691661977789 -0.002350158262 -2.71148289575 -9.16829967987
0.692707511133 -0.00234643364835 -2.71148289575 -9.16829967987
0.693701009692 -0.00240253178344 -2.71148289575 -9.16829967987
0.693701009692 -0.00240253178344 -2.71148289575 -9.16829967987
0.693701009692 -0.00240051932222 3.25057497103 -9.91930625904
0.693701009692 -0.00218309518368 3.25057497103 -9.91930625904
0.693701009692 -0.00218309518368 3.25057497103 -9.91930625904
0.695152217271 -0.00210723942196 3.25057497103 -9.91930625904
0.695152217271 -0.00208202012641 3.25057497103 -9.91930625904
0.694829774536 -0.00208202012641 3.25057497103 -9.91930625904
0.694829774536 -0.0020554075647 3.25057497103 -9.91930625904
0.694829774536 -0.00200600955457 3.25057497103 -9.91930625904
0.694829774536 -0.00179897413656 3.25057497103 -9.91930625904
0.694446674829 -0.00196942428551 0.558431694949 -6.61589235575
0.694234289976 -0.00196942428551 0.558431694949 -6.61589235575
0.694234289976 -0.00196942428551 0.558431694949 -6.61589235575
0.694234289976 -0.00196942428551 0.558431694949 -6.61589235575
0.694234289976 -0.00211195197214 0.558431694949 -6.61589235575
0.694234289976 -0.00197610081668 0.558431694949 -6.61589235575
0.694234289976 -0.00197610081668 0.558431694949 -6.61589235575
0.694234289976 -0.00197610081668 0.558431694949 -6.61589235575
0.694234289976 -0.00197610081668 0.558431694949 -6.61589235575
0.693360925571 -0.00209938020034 0.558431694949 -6.61589235575
0.693360925571 -0.00206738680107 0.558431694949 -6.61589235575
0.692153621637 -0.00206738680107 0.558431694949 -6.61589235575
0.692153621637 -0.00182095657524 -3.16167217761 -5.58566119373
0.692153621637 -0.00164949407378 -3.16167217761 -5.58566119373
0.691630570196 -0.00178817932367 -3.16167217761 -5.58566119373
0.691630570196 -0.00178190142179 -3.16167217761 -5.58566119373
0.691530427434 -0.00184854140581 -3.16167217761 -5.58566119373
0.691679266366 -0.00184854140581 -3.16167217761 -5.58566119373
0.691679266366 -0.00184854140581 -3.16167217761 -5.58566119373
0.691679266366 -0.00184854140581 -12.6202336927 -5.91291680713
0.691650345451 -0.00180061789526 -12.6202336927 -5.91291680713
0.691650345451 -0.00163784919389 -12.6202336927 -5.91291680713
0.691650345451 -0.00163784919389 -12.6202336927 -5.91291680713
0.691024020572 -0.00163301132456 -12.6202336927 -5.91291680713
0.691024020572 -0.00133408595842 -12.6202336927 -5.91291680713
0.691024020572 -0.00133408595842 -12.6202336927 -5.91291680713
0.691024020572 -0.00135259068579 -12.6202336927 -5.91291680713
0.691024020572 -0.00120596101668 -12.6202336927 -5.91291680713
0.691024020572 -0.00120596101668 -12.6202336927 -5.91291680713
0.691055955318 -0.00120596101668 -12.6202336927 -5.91291680713
0.691055955318 -0.00120596101668 -12.6202336927 -5.91291680713
0.691055955318 -0.00120596101668 -12.6202336927 -5.91291680713
0.691055955318 -0.00126601898988 -3.98487496914 -3.50189250752
0.691055955318 -0.00110592296654 -3.98487496914 -3.50189250752
0.691055955318 -0.00110592296654 -3.98487496914 -3.50189250752
0.691931893624 -0.00122030521064 -3.98487496914 -3.50189250752
0.691931893624 -0.00122030521064 -3.98487496914 -3.50189250752
0.691931893624 -0.00122030521064 -3.98487496914 -3.50189250752
0.691931893624 -0.00122030521064 -3.98487496914 -3.50189250752
0.691931893624 -0.000799582467373 -3.98487496914 -3.50189250752
0.693296127139 -0.000959356914692 -3.98487496914 -3.50189250752
0.693296127139 -0.00107056693628 -3.98487496914 -3.50189250752
0.693296127139 -0.00107056693628 -3.98487496914 -3.50189250752
0.693296127139 -0.00107056693628 -3.98487496914 -3.50189250752
0.693296127139 -0.00107056693628 -3.98487496914 -3.50189250752
0.694791866794 -0.000932330748497 -3.98487496914 -3.50189250752
0.694791866794 -0.000882737708743 -3.98487496914 -3.50189250752
0.694791866794 -0.000882737708743 -3.98487496914 -3.50189250752
0.695891251115 -0.000882737708743 -5.18770132125 -2.93817718219
0.695891251115 -0.000882737708743 -5.18770132125 -2.93817718219
0.695891251115 -0.000770268073534 -5.18770132125 -2.93817718219
0.696868850883 -0.000770268073534 -5.18770132125 -2.93817718219
0.696868850883 -0.000770268073534 -5.18770132125 -2.93817718219
0.696868850883 -0.00029812018402 -5.18770132125 -2.93817718219
0.698010382815 -0.000348996984656 -5.18770132125 -2.93817718219
0.698010382815 -0.000558229477065 -5.18770132125 -2.93817718219
0.698010382815 -0.000558229477065 -5.18770132125 -2.93817718219
0.698010382815 -0.000558229477065 -5.18770132125 -2.93817718219
0.698010382815 -0.000558229477065 -5.18770132125 -2.93817718219
0.699073557392 -0.00034819962438 -2.60491998466 -0.925416862284
0.699073557392 -0.00034819962438 -2.60491998466 -0.925416862284
0.699073557392 -0.000388501754767 -2.60491998466 -0.925416862284
0.699073557392 -0.000568464805781 -2.60491998466 -0.925416862284
0.699960598964 -0.000568464805781 -2.60491998466 -0.925416862284
0.699960598964 -0.000568464805781 -2.60491998466 -0.925416862284
0.699960598964 -0.000568464805781 -2.60491998466 -0.925416862284
0.699960598964 -0.000568464805781 -2.60491998466 -0.925416862284
0.699960598964 -0.000504570276327 -2.60491998466 -0.925416862284
0.700314797302 -0.00062295455356 -2.60491998466 -0.925416862284
0.700314797302 -0.00062295455356 -2.60491998466 -0.925416862284
0.700314797302 -0.00062295455356 -2.60491998466 -0.925416862284
0.700314797302 -0.00062295455356 -2.60491998466 -0.925416862284
0.700314797302 -0.00062295455356 -2.60491998466 -0.925416862284
0.700314797302 -0.00062295455356 -2.60491998466 -0.925416862284
0.700132348292 -0.00062295455356 -2.60491998466 -0.925416862284
0.700132348292 -0.000353555634359 -2.60491998466 -0.925416862284
0.700132348292 -0.000353555634359 -2.60491998466 -0.925416862284
0.699351847571 -0.000381901010531 -1.89268537573 1.15686685482
0.699351847571 -0.000369011490559 -1.89268537573 1.15686685482
0.69956913078 -0.000369011490559 -1.89268537573 1.15686685482
0.69956913078 -0.000369011490559 -1.89268537573 1.15686685482
0.700043206487 -0.000369011490559 -1.89268537573 1.15686685482
0.700043206487 -0.000410882424581 -1.89268537573 1.15686685482
0.700043206487 -0.000410882424581 -1.89268537573 1.15686685482
0.700043206487 -0.000410882424581 -1.89268537573 1.15686685482
0.700043206487 -0.000424146401742 -1.89268537573 1.15686685482
0.700043206487 -0.000424146401742 -3.60641748498 -0.888044234825
0.700043206487 -0.000307881561891 -3.60641748498 -0.888044234825
0.700392622251 -0.000145379603496 -3.60641748498 -0.888044234825
0.700392622251 -0.000129954257485 -3.60641748498 -0.888044234825
0.700392622251 -0.000177712871114 -3.60641748498 -0.888044234825
0.700651354409 -0.000177712871114 -3.60641748498 -0.888044234825
0.700651354409 -8.65396666008e-05 -3.60641748498 -0.888044234825
0.700651354409 -6.45306876095e-05 -3.60641748498 -0.888044234825
0.700690930251 -6.45306876095e-05 -3.60641748498 -0.888044234825
0.700690930251 -6.45306876095e-05 -3.60641748498 -0.888044234825
0.700690930251 -6.31020759627e-05 -1.22795746644 0.853314229184
0.700690930251 -5.83717601437e-05 -1.22795746644 0.853314229184
0.700690930251 -5.83717601437e-05 -1.22795746644 0.853314229184
0.700690930251 -4.70054070081e-05 -1.22795746644 0.853314229184
0.700690930251 -2.28057427734e-05 -1.22795746644 0.853314229184
0.700690930251 -2.28057427734e-05 -1.22795746644 0.853314229184
0.700690930251 -2.28057427734e-05 -1.22795746644 0.853314229184
0.700097718486 -2.28057427734e-05 -1.22795746644 0.853314229184
0.700097718486 -3.7923228895e-06 -1.22795746644 0.853314229184
0.700097718486 1.16270270851e-05 -1.22795746644 0.853314229184
0.700097718486 1.16270270851e-05 -1.22795746644 0.853314229184
0.700097718486 1.16270270851e-05 -1.22795746644 0.853314229184
0.699629289737 1.16270270851e-05 -1.22795746644 0.853314229184
0.699629289737 1.16270270851e-05 -1.22795746644 0.853314229184
0.699629289737 0.000212221313756 -1.22795746644 0.853314229184
0.698345208897 0.000226608274425 -5.11933354137 0.748812767182
0.698345208897 0.000226608274425 -5.11933354137 0.748812767182
0.698345208897 0.000183804013904 -5.11933354137 0.748812767182
0.698238631364 0.000183804013904 -5.11933354137 0.748812767182
0.698238631364 3.87030139919e-05 -5.11933354137 0.748812767182
0.698238631364 3.87030139919e-05 -5.11933354137 0.748812767182
0.698238631364 3.87030139919e-05 -5.11933354137 0.748812767182
0.698195632108 3.87030139919e-05 -5.11933354137 0.748812767182
0.698195632108 -2.81777964126e-05 -5.11933354137 0.748812767182
0.698195632108 -2.81777964126e-05 -5.11933354137 0.748812767182
0.698195632108 -4.20388772251e-05 -5.11933354137 0.748812767182
0.697495380476 -4.20388772251e-05 -5.11933354137 0.748812767182
0.697495380476 -4.20388772251e-05 -4.08720309701 -0.806403978498
0.697495380476 -8.28494524434e-05 -4.08720309701 -0.806403978498
0.696237806333 -8.28494524434e-05 -4.08720309701 -0.806403978498
0.696237806333 -7.40595752511e-05 -4.08720309701 -0.806403978498
0.696237806333 -7.40595752511e-05 -4.08720309701 -0.806403978498
0.696237806333 -7.40595752511e-05 -4.08720309701 -0.806403978498
0.696237806333 -7.40595752511e-05 -4.08720309701 -0.806403978498
0.696237806333 -0.000142143227052 -4.08720309701 -0.806403978498
0.695167562676 -0.000147475013357 -4.08720309701 -0.806403978498
0.695167562676 -0.000147475013357 -4.08720309701 -0.806403978498
0.695167562676 -0.000156315436794 -4.08720309701 -0.806403978498
0.695167562676 -0.000156315436794 -4.08720309701 -0.806403978498
0.695167562676 -0.000156315436794 -0.606197138192 -0.952640159258
0.694733059697 -0.000156315436794 -0.606197138192 -0.952640159258
0.694340680246 7.83431944922e-05 -0.606197138192 -0.952640159258
0.694340680246 0.000100144367223 -0.606197138192 -0.952640159258
0.694340680246 9.46885077941e-05 -0.606197138192 -0.952640159258
0.693750112959 9.46885077941e-05 -0.606197138192 -0.952640159258
0.693750112959 0.000117412117074 -0.606197138192 -0.952640159258
0.693750112959 0.000126333644626 -0.606197138192 -0.952640159258
0.693750112959 0.000126333644626 -0.606197138192 -0.952640159258
0.692626117517 0.000107168495223 -0.606197138192 -0.952640159258
0.692626117517 0.000107168495223 -0.606197138192 -0.952640159258
0.692626117517 0.000107168495223 -0.606197138192 -0.952640159258
0.692626117517 0.000107168495223 -0.606197138192 -0.952640159258
0.692626117517 0.000167799925418 -3.03492128379 -2.05576915018
0.691802014293 0.000167799925418 -3.03492128379 -2.05576915018
0.691802014293 0.000189483250626 -3.03492128379 -2.05576915018
0.691802014293 0.000194332379682 -3.03492128379 -2.05576915018
0.691802014293 0.000194332379682 -3.03492128379 -2.05576915018
0.691802014293 0.000194332379682 -3.03492128379 -2.05576915018
0.691802014293 0.000194332379682 -3.03492128379 -2.05576915018
0.690252765514 0.000170750231831 -3.03492128379 -2.05576915018
0.690252765514 0.000163226173491 -3.03492128379 -2.05576915018
0.690252765514 0.000130418044631 -3.03492128379 -2.05576915018
0.690252765514 0.000130418044631 -3.03492128379 -2.05576915018
0.689298391942 0.000130418044631 -3.03492128379 -2.05576915018
0.689298391942 0.000130418044631 -3.03492128379 -2.05576915018
0.689298391942 0.000130418044631 -3.03492128379 -2.05576915018
0.689298391942 0.000106229367094 -5.19022454174 -4.2378735847
0.687880455156 9.88285418404e-05 -5.19022454174 -4.2378735847
0.687880455156 0.000102463228604 -5.19022454174 -4.2378735847
0.687880455156 0.000102463228604 -5.19022454174 -4.2378735847
0.687880455156 0.000102463228604 -5.19022454174 -4.2378735847
0.687880455156 0.000102463228604 -5.19022454174 -4.2378735847
0.687132354785 -0.000186176158955 -5.19022454174 -4.2378735847
0.687132354785 -0.000186176158955 -5.19022454174 -4.2378735847
0.687132354785 -0.000105375093565 -5.19022454174 -4.2378735847
0.687132354785 -0.000105375093565 -5.19022454174 -4.2378735847
0.687079633132 -0.000105375093565 -5.19022454174 -4.2378735847
0.687049563779 -0.000105375093565 -5.19022454174 -4.2378735847
0.687005261133 -0.000105375093565 -5.19022454174 -4.2378735847
0.687005261133 -0.00012021274891 -5.19022454174 -4.2378735847
0.687005261133 -0.000111707158287 -5.19022454174 -4.2378735847
0.687005261133 -0.000111707158287 -5.19022454174 -4.2378735847
0.687005261133 -0.000111707158287 -5.19022454174 -4.2378735847
0.687005261133 -0.000111707158287 -5.06827840701 -2.91736250071
0.687005261133 -0.000231833613565 -5.06827840701 -2.91736250071
0.687005261133 -0.000212353136821 -5.06827840701 -2.91736250071
0.687035620211 -0.000254950871771 -5.06827840701 -2.91736250071
0.687035620211 -0.000254950871771 -5.06827840701 -2.91736250071
0.687857214336 -0.0002618242364 -5.06827840701 -2.91736250071
0.687857214336 -0.00029974857333 -5.06827840701 -2.91736250071
0.687857214336 -0.00029974857333 -7.19589626366 -5.75977442286
0.689005592738 -0.000291985517176 -7.19589626366 -5.75977442286
0.689005592738 -0.000315919029898 -7.19589626366 -5.75977442286
0.689668487649 -0.000321415333239 -7.19589626366 -5.75977442286
0.689668487649 -0.000321415333239 -7.19589626366 -5.75977442286
0.689668487649 -0.000290599060079 -7.19589626366 -5.75977442286
0.689668487649 -0.000366483269421 -7.19589626366 -5.75977442286
0.690250206544 -0.000366483269421 -7.19589626366 -5.75977442286
0.690250206544 -0.000366483269421 -7.19589626366 -5.75977442286
0.690250206544 -0.000555001247723 -7.19589626366 -5.75977442286
0.690250206544 -0.000555001247723 -7.19589626366 -5.75977442286
0.690250206544 -0.000555001247723 -7.19589626366 -5.75977442286
0.690861502487 -0.000519967354066 -7.41997552957 -7.75611258698
0.69156245145 -0.000551504316941 -7.41997552957 -7.75611258698
0.69156245145 -0.000551504316941 -7.41997552957 -7.75611258698
0.69156245145 -0.000412012331523 -7.41997552957 -7.75611258698
0.69156245145 -0.000412012331523 -7.41997552957 -7.75611258698
0.692268735037 0.000216536953459 -7.41997552957 -7.75611258698
0.692268735037 0.000216536953459 -7.41997552957 -7.75611258698
0.692268735037 0.000216536953459 -7.41997552957 -7.75611258698
0.692268735037 0.000216536953459 -7.41997552957 -7.75611258698
0.692268735037 -0.000412768142879 -7.41997552957 -7.75611258698
0.692823570263 -0.000412768142879 -7.41997552957 -7.75611258698
0.692823570263 -0.000332371714318 -4.23043839917 -7.62403818118
0.692823570263 -0.000309827483659 -4.23043839917 -7.62403818118
0.692823570263 -0.000309827483659 -4.23043839917 -7.62403818118
0.692823570263 -0.000309827483659 -4.23043839917 -7.62403818118
0.692823570263 -0.000309827483659 -4.23043839917 -7.62403818118
0.69348600337 -0.000447044698948 -4.23043839917 -7.62403818118
0.69348600337 -0.000327464868484 -4.23043839917 -7.62403818118
0.69348600337 -0.000636236233458 -4.23043839917 -7.62403818118
0.69348600337 -0.000636236233458 -4.23043839917 -7.62403818118
0.693818516783 -0.000636236233458 -4.23043839917 -7.62403818118
0.693818516783 -0.000636236233458 -4.23043839917 -7.62403818118
0.693818516783 -0.000173898278231 -4.23043839917 -7.62403818118
0.693818516783 -0.000173898278231 -4.23043839917 -7.62403818118
0.693241439732 -0.000173966956638 -4.23043839917 -7.62403818118
0.693241439732 -0.000173966956638 -4.23043839917 -7.62403818118
0.693241439732 -0.000173966956638 -5.04170979593 -8.23515198036
0.693241439732 -0.000173966956638 -5.04170979593 -8.23515198036
0.693241439732 -0.000292236520053 -5.04170979593 -8.23515198036
0.692293342752 -0.000250791328547 -5.04170979593 -8.23515198036
0.692293342752 -0.000138249032752 -5.04170979593 -8.23515198036
0.692293342752 -0.000138249032752 -5.04170979593 -8.23515198036
0.692293342752 -0.000138249032752 -5.04170979593 -8.23515198036
0.692150564265 -0.000138249032752 -5.04170979593 -8.23515198036
0.692150564265 -2.82749729656e-05 -5.04170979593 -8.23515198036
0.692150564265 -0.000156272597514 -5.04170979593 -8.23515198036
0.692150564265 -0.000436688724247 -5.04170979593 -8.23515198036
0.692164622587 -0.000436688724247 -5.04170979593 -8.23515198036
0.692164622587 -0.000514212807833 -5.04170979593 -8.23515198036
0.692164622587 -0.000514212807833 -4.80016904959 -10.2787472725
0.691487351955 -0.000514212807833 -4.80016904959 -10.2787472725
0.691487351955 -0.00050002391001 -4.80016904959 -10.2787472725
0.691487351955 -0.00050002391001 -4.80016904959 -10.2787472725
0.691487351955 -0.000439993422098 -4.80016904959 -10.2787472725
0.688928143047 -0.000468815850326 -4.80016904959 -10.2787472725
0.688928143047 -0.000467110455027 -4.80016904959 -10.2787472725
0.688928143047 -0.000467110455027 -4.80016904959 -10.2787472725
0.688928143047 -0.000467110455027 -4.80016904959 -10.2787472725
0.6876000966 -0.000510064691077 -4.80016904959 -10.2787472725
0.686944922242 -0.000510064691077 -4.80016904959 -10.2787472725
0.686944922242 -0.000510064691077 -4.80016904959 -10.2787472725
0.686944922242 -0.000201435149506 -7.1195498522 -8.53357683054
0.686944922242 -0.000201435149506 -7.1195498522 -8.53357683054
0.686944922242 -0.000460926036479 -7.1195498522 -8.53357683054
0.686944922242 -0.000528487767511 -7.1195498522 -8.53357683054
0.686478379963 -0.000560592259845 -7.1195498522 -8.53357683054
0.685795202105 -0.000560592259845 -7.1195498522 -8.53357683054
0.685795202105 -0.000514756831272 4.09360240776 -9.77132022926
0.685795202105 -0.000514756831272 4.09360240776 -9.77132022926
0.685081075395 -0.000514756831272 4.09360240776 -9.77132022926
0.685081075395 -4.14542906988e-05 4.09360240776 -9.77132022926
0.683303163117 -0.000168800837176 4.09360240776 -9.77132022926
0.683303163117 -0.000168800837176 4.09360240776 -9.77132022926
0.683303163117 -0.000589604772142 4.09360240776 -9.77132022926
0.683303163117 -0.000557685783615 4.09360240776 -9.77132022926
0.683303163117 -0.000526776194028 4.09360240776 -9.77132022926
0.681544260216 -0.000635826234359 4.09360240776 -9.77132022926
0.681544260216 -0.000635826234359 4.09360240776 -9.77132022926
0.681544260216 -0.000635826234359 4.09360240776 -9.77132022926
0.681544260216 -0.000562307754989 -3.77354482351 -9.03797275371
0.679406609664 -0.000490320493519 -3.77354482351 -9.03797275371
0.679406609664 -0.000552969246236 -3.77354482351 -9.03797275371
0.679406609664 -0.000552969246236 -3.77354482351 -9.03797275371
0.679406609664 -0.000552969246236 -3.77354482351 -9.03797275371
0.679406609664 -0.000552969246236 -3.77354482351 -9.03797275371
0.679406609664 -0.000604607977888 -3.77354482351 -9.03797275371
0.676861131755 -0.000730724370598 -3.77354482351 -9.03797275371
0.676861131755 -0.000699785933001 -3.77354482351 -9.03797275371
0.676861131755 -0.000699785933001 -3.77354482351 -9.03797275371
0.676861131755 -0.000699785933001 -3.77354482351 -9.03797275371
0.676861131755 -0.00100634407552 -3.77354482351 -9.03797275371
0.676861131755 -0.00100634407552 -3.77354482351 -9.03797275371
0.676861131755 -0.00106854386139 -7.86839272413 -6.19137918238
0.676861131755 -0.00106854386139 -7.86839272413 -6.19137918238
0.675533036371 -0.00104949203713 -7.86839272413 -6.19137918238
0.675533036371 -0.00104949203713 -7.86839272413 -6.19137918238
0.675533036371 -0.00104949203713 -7.86839272413 -6.19137918238
0.675533036371 -0.00131763816569 -7.86839272413 -6.19137918238
0.675678459298 -0.00137255498208 -7.86839272413 -6.19137918238
0.675678459298 -0.00147942279051 -7.86839272413 -6.19137918238
0.675678459298 -0.00147942279051 -7.86839272413 -6.19137918238
0.675678459298 -0.00147942279051 -7.86839272413 -6.19137918238
0.675678459298 -0.00147942279051 -7.86839272413 -6.19137918238
0.676544993958 -0.00162755429117 -7.86839272413 -6.19137918238
0.676544993958 -0.00171937958751 -7.86839272413 -6.19137918238
0.676544993958 -0.00179299468507 -7.86839272413 -6.19137918238
0.676544993958 -0.00179299468507 -7.86839272413 -6.19137918238
0.676544993958 -0.00179299468507 -7.86839272413 -6.19137918238
0.678007035327 -0.00179299468507 -7.86839272413 -6.19137918238
0.678007035327 -0.00179299468507 -13.8914353411 -7.152950894
0.678007035327 -0.00185001748182 -13.8914353411 -7.152950894
0.679197564155 -0.00171565942642 -13.8914353411 -7.152950894
0.679883656031 -0.00160092024913 -13.8914353411 -7.152950894
0.679883656031 -0.00160092024913 -13.8914353411 -7.152950894
0.679883656031 -0.00160092024913 -13.8914353411 -7.152950894
0.679883656031 -0.00160092024913 -13.8914353411 -7.152950894
0.679883656031 -0.00166223412019 -13.8914353411 -7.152950894
0.679883656031 -0.00166223412019 -13.8914353411 -7.152950894
0.679883656031 -0.00165920080471 -13.8914353411 -7.152950894
0.679883656031 -0.00165920080471 -13.8914353411 -7.152950894
0.679883656031 -0.00165920080471 -13.8914353411 -7.152950894
0.680796576088 -0.00165920080471 -13.8914353411 -7.152950894
0.681319994344 -0.00122034912247 6.98435691389 -6.45952879563
0.681319994344 -0.00118080720973 6.98435691389 -6.45952879563
0.681425498534 -0.00118080720973 6.98435691389 -6.45952879563
0.681425498534 -0.00107176575232 6.98435691389 -6.45952879563
0.681425498534 -0.00107176575232 6.98435691389 -6.45952879563
0.681425498534 -0.00107176575232 6.98435691389 -6.45952879563
0.681472343235 -0.000571935577785 -5.51270439301 -4.44886632467
0.681472343235 -0.000571935577785 -5.51270439301 -4.44886632467
0.681472343235 -0.000571935577785 -5.51270439301 -4.44886632467
0.681472343235 -0.000637580852363 -5.51270439301 -4.44886632467
0.682118262091 -0.000637580852363 -5.51270439301 -4.44886632467
0.682118262091 -0.000803184303852 -5.51270439301 -4.44886632467
0.682118262091 -0.000803184303852 -5.51270439301 -4.44886632467
0.682118262091 -0.000662900288148 -5.51270439301 -4.44886632467
0.682118262091 -0.000622117327641 -5.51270439301 -4.44886632467
0.682746006873 -0.000622117327641 -5.51270439301 -4.44886632467
0.682746006873 -0.000622117327641 -5.51270439301 -4.44886632467
0.682746006873 -0.000622117327641 -5.51270439301 -4.44886632467
0.682746006873 -0.000643304274568 -5.51270439301 -4.44886632467
0.682746006873 -0.000573858175297 -5.51270439301 -4.44886632467
0.682746006873 -0.00096505636359 -5.51270439301 -4.44886632467
0.682745619702 -0.000889827214234 -5.51270439301 -4.44886632467
0.682745619702 -0.000889827214234 -5.51270439301 -4.44886632467
0.682745619702 -0.000889827214234 -5.51270439301 -4.44886632467
0.682745619702 -0.000889827214234 -7.53841574102 -3.11002863779
0.683375074727 -0.000467802353903 -7.53841574102 -3.11002863779
0.684922024312 -0.000332846682447 -7.53841574102 -3.11002863779
0.684922024312 -0.000312640719919 -7.53841574102 -3.11002863779
0.684922024312 -0.000312640719919 -7.53841574102 -3.11002863779
0.684922024312 -0.000312640719919 -7.53841574102 -3.11002863779
0.684922024312 -0.000312640719919 -7.53841574102 -3.11002863779
0.684922024312 -0.000487347783782 -7.53841574102 -3.11002863779
0.684922024312 -0.000360702609701 -7.53841574102 -3.11002863779
0.684922024312 -0.000360702609701 -7.53841574102 -3.11002863779
0.686990203686 -0.000261689122478 -7.53841574102 -3.11002863779
0.686990203686 -0.000261689122478 -7.53841574102 -3.11002863779
0.686990203686 -0.000381623876208 -2.24431908128 -3.79291742635
0.688303717371 -0.000431735194504 -2.24431908128 -3.79291742635
0.689194086373 -0.000387056557319 -2.24431908128 -3.79291742635
0.689194086373 -0.000387056557319 -2.24431908128 -3.79291742635
0.689194086373 -0.000387056557319 -2.24431908128 -3.79291742635
0.689194086373 -0.000185495827935 -2.24431908128 -3.79291742635
0.688726480619 -0.000185173852156 -2.24431908128 -3.79291742635
0.688726480619 -0.000160185378249 -2.24431908128 -3.79291742635
0.688726480619 -0.000160185378249 -2.24431908128 -3.79291742635
0.688726480619 -0.000160185378249 -2.24431908128 -3.79291742635
0.68854310094 -0.000160185378249 -2.24431908128 -3.79291742635
0.68854310094 -0.000160185378249 -1.91149160099 -1.98984045616
0.68854310094 0.000489598706302 -1.91149160099 -1.98984045616
0.68854310094 0.000489598706302 -1.91149160099 -1.98984045616
0.689035894786 0.000253031333227 -1.91149160099 -1.98984045616
0.689035894786 -0.000173047288011 -1.91149160099 -1.98984045616
0.689811531803 -0.000173047288011 -1.91149160099 -1.98984045616
0.689811531803 -7.55070780625e-05 -1.91149160099 -1.98984045616
0.690186074597 -0.000409462313978 -1.91149160099 -1.98984045616
0.690210393446 -0.000409462313978 -1.84569665205 -4.8285202568
0.690210393446 -0.000409462313978 -1.84569665205 -4.8285202568
0.690210393446 -8.8030625875e-05 -1.84569665205 -4.8285202568
0.689520653843 -8.8030625875e-05 -1.84569665205 -4.8285202568
0.689520653843 -8.8030625875e-05 -1.84569665205 -4.8285202568
0.689520653843 -8.8030625875e-05 -1.84569665205 -4.8285202568
0.689520653843 -8.8030625875e-05 -1.84569665205 -4.8285202568
0.689520653843 -0.000203242821606 -1.84569665205 -4.8285202568
0.688740571547 -6.08910236646e-05 -4.5115691908 -6.31118854607
0.688740571547 -6.08910236646e-05 -4.5115691908 -6.31118854607
0.688740571547 -6.08910236646e-05 -4.5115691908 -6.31118854607
0.688740571547 -6.08910236646e-05 -4.5115691908 -6.31118854607
0.688050887098 -6.08910236646e-05 -4.5115691908 -6.31118854607
0.688050887098 -0.000199704646846 -4.5115691908 -6.31118854607
0.688050887098 6.65935436355e-05 -4.5115691908 -6.31118854607
0.688050887098 6.65935436355e-05 -4.5115691908 -6.31118854607
0.687572133079 6.65935436355e-05 -4.5115691908 -6.31118854607
0.687572133079 -7.08066472161e-05 -4.5115691908 -6.31118854607
0.687572133079 -7.08066472161e-05 -4.5115691908 -6.31118854607
0.687572133079 3.68092994165e-05 -4.5115691908 -6.31118854607
0.686683660919 4.72271916578e-05 -4.5115691908 -6.31118854607
0.686683660919 4.72271916578e-05 -4.5115691908 -6.31118854607
0.686683660919 0.000116756395396 -2.46561525089 -5.82705205115
0.685749111507 0.000144890075582 -2.46561525089 -5.82705205115
0.685749111507 0.000144890075582 -2.46561525089 -5.82705205115
0.68537013259 0.000171804962488 -2.46561525089 -5.82705205115
0.68537013259 0.000149295484743 -10.3703261581 -6.49265214423
0.68537013259 0.000134816599221 -10.3703261581 -6.49265214423
0.68537013259 -7.30977481065e-05 -10.3703261581 -6.49265214423
0.684589970446 -0.000528202374433 -10.3703261581 -6.49265214423
0.684589970446 -0.000528202374433 -10.3703261581 -6.49265214423
0.684589970446 6.63241150325e-05 -10.3703261581 -6.49265214423
0.683713891664 6.63241150325e-05 -10.3703261581 -6.49265214423
0.683713891664 -8.82860438267e-06 -10.3703261581 -6.49265214423
0.683713891664 -8.82860438267e-06 -10.3703261581 -6.49265214423
0.683231026177 -8.82860438267e-06 -10.3703261581 -6.49265214423
0.683231026177 -0.000180619177797 -10.3703261581 -6.49265214423
0.683231026177 -6.3379717961e-05 -10.3703261581 -6.49265214423
0.682510252442 -0.000137655264204 -4.76599757006 -8.65585894926
0.682510252442 -0.000137655264204 -4.76599757006 -8.65585894926
0.682510252442 -0.000137655264204 -4.76599757006 -8.65585894926
0.682779312803 -0.000149725868773 -4.76599757006 -8.65585894926
0.682779312803 -9.7626097411e-05 -4.76599757006 -8.65585894926
0.682779312803 -0.000137436562952 -4.76599757006 -8.65585894926
0.682887586749 -0.000137436562952 -4.76599757006 -8.65585894926
0.682887586749 -1.62321715282e-05 -4.76599757006 -8.65585894926
0.682887586749 -1.62321715282e-05 -4.76599757006 -8.65585894926
0.682887586749 -7.29333358689e-05 -4.76599757006 -8.65585894926
0.682887586749 -7.29333358689e-05 -4.76599757006 -8.65585894926
0.682080324529 -0.000236850467146 -8.96235022977 -8.90686849912
0.682080324529 -2.05564352496e-05 -8.96235022977 -8.90686849912
0.681088324401 -2.05564352496e-05 -8.96235022977 -8.90686849912
0.681088324401 -2.05564352496e-05 -8.96235022977 -8.90686849912
0.681088324401 -2.05564352496e-05 -8.96235022977 -8.90686849912
0.680342460003 -0.000277092688844 -8.96235022977 -8.90686849912
0.680342460003 -0.000353440157287 -8.96235022977 -8.90686849912
0.680342460003 -0.000353440157287 -8.96235022977 -8.90686849912
0.680342460003 -0.000412546075811 -8.96235022977 -8.90686849912
0.680342460003 -0.000412546075811 -8.96235022977 -8.90686849912
0.680342460003 -0.000412546075811 -8.96235022977 -8.90686849912
0.68015322873 -0.00059195630902 -8.05703419895 -7.59515041996
0.68015322873 -0.000611727847727 -8.05703419895 -7.59515041996
0.68015322873 -0.000611727847727 -8.05703419895 -7.59515041996
0.680010368307 -0.000611727847727 -8.05703419895 -7.59515041996
0.680010368307 -0.000765082859064 -8.05703419895 -7.59515041996
0.680010368307 -0.000765082859064 -8.05703419895 -7.59515041996
0.680010368307 -0.00088311862168 -8.05703419895 -7.59515041996
0.679691478298 -0.00092429199205 -8.05703419895 -7.59515041996
0.679691478298 -0.00092429199205 -8.05703419895 -7.59515041996
0.679691478298 -0.00092429199205 -8.05703419895 -7.59515041996
0.679691478298 -0.00092429199205 -8.05703419895 -7.59515041996
0.679691478298 -0.00112589481264 -8.05703419895 -7.59515041996
0.679211083672 -0.00112589481264 -8.05703419895 -7.59515041996
0.679211083672 -0.00121526203948 -8.05703419895 -7.59515041996
0.679211083672 -0.00121526203948 -18.4923929649 -13.4358153565
0.679211083672 -0.00131012262496 -18.4923929649 -13.4358153565
0.678923820213 -0.00134732774789 -18.4923929649 -13.4358153565
0.678539609996 -0.00134732774789 -18.4923929649 -13.4358153565
0.678539609996 -0.00142253966338 -18.4923929649 -13.4358153565
0.678539609996 -0.00142253966338 -18.4923929649 -13.4358153565
0.678539609996 -0.00142253966338 -18.4923929649 -13.4358153565
0.678539609996 -0.00146203672813 -18.4923929649 -13.4358153565
0.678296517209 -0.00144783854471 -18.4923929649 -13.4358153565
0.678296517209 -0.00144783854471 -18.4923929649 -13.4358153565
0.678296517209 -0.00132457185427 -7.53614617344 -13.0091799699
0.678296517209 -0.00132457185427 -7.53614617344 -13.0091799699
0.677845200837 -0.00132457185427 -7.53614617344 -13.0091799699
0.677845200837 -0.00146840610758 -7.53614617344 -13.0091799699
0.677845200837 -0.00155212034919 -7.53614617344 -13.0091799699
0.677845200837 -0.00155212034919 -7.53614617344 -13.0091799699
0.677845200837 -0.00155212034919 -7.53614617344 -13.0091799699
0.677245831861 -0.00154361901246 -7.53614617344 -13.0091799699
0.677245831861 -0.00154361901246 -7.53614617344 -13.0091799699
0.677245831861 -0.00163567159092 -7.53614617344 -13.0091799699
0.676567573734 -0.00165919828953 -7.53614617344 -13.0091799699
0.676567573734 -0.00167496136075 -7.53614617344 -13.0091799699
0.676567573734 -0.00166034802865 -12.0143966187 -13.63515684
0.675399393052 -0.00187749292593 -12.0143966187 -13.63515684
0.675399393052 -0.00187749292593 -12.0143966187 -13.63515684
0.673805991464 -0.00183876728888 -12.0143966187 -13.63515684
0.673805991464 -0.00183876728888 -12.0143966187 -13.63515684
0.673805991464 -0.00183876728888 -12.0143966187 -13.63515684
0.673805991464 -0.00183876728888 -12.0143966187 -13.63515684
0.673805991464 -0.00228817915542 -12.0143966187 -13.63515684
0.672371744671 -0.00228817915542 -12.0143966187 -13.63515684
0.672371744671 -0.00235807718928 -12.0143966187 -13.63515684
0.672371744671 -0.00235807718928 -12.0143966187 -13.63515684
0.672371744671 -0.00235807718928 -12.0143966187 -13.63515684
0.672371744671 -0.00235807718928 -12.0143966187 -13.63515684
0.672371744671 -0.00240103284175 -12.0143966187 -13.63515684
0.671149913845 -0.00220061722932 -12.4864959075 -15.7055737816
0.671149913845 -0.00229013973212 -12.4864959075 -15.7055737816
0.671149913845 -0.00229013973212 -12.4864959075 -15.7055737816
0.669712878324 -0.00229013973212 -12.4864959075 -15.7055737816
0.669712878324 -0.00229013973212 -12.4864959075 -15.7055737816
0.669712878324 -0.00234226003459 -12.4864959075 -15.7055737816
0.669712878324 -0.00234226003459 -12.4864959075 -15.7055737816
0.669712878324 -0.00234792694801 -12.4864959075 -15.7055737816
0.668184419506 -0.0024457243559 -12.4864959075 -15.7055737816
0.668184419506 -0.00236210664876 -12.4864959075 -15.7055737816
0.668184419506 -0.00259647015227 -8.11751336848 -13.6486491608
0.66572675347 -0.00260878295459 -8.11751336848 -13.6486491608
0.66572675347 -0.00260878295459 -8.11751336848 -13.6486491608
0.66572675347 -0.00263479463013 -8.11751336848 -13.6486491608
0.664031640983 -0.00263479463013 -8.11751336848 -13.6486491608
0.664031640983 -0.00263479463013 -8.11751336848 -13.6486491608
0.664031640983 -0.00262376014787 -8.11751336848 -13.6486491608
0.664031640983 -0.00261801643105 -8.11751336848 -13.6486491608
0.664031640983 -0.0026579358181 -8.11751336848 -13.6486491608
0.660123246924 -0.0026579358181 -8.11751336848 -13.6486491608
0.660123246924 -0.0026579358181 -12.741547468 -12.7505253668
0.660123246924 -0.00271093737317 -12.741547468 -12.7505253668
0.660123246924 -0.00277037711552 -12.741547468 -12.7505253668
0.658130190997 -0.00277037711552 -12.741547468 -12.7505253668
0.658130190997 -0.00277037711552 -12.741547468 -12.7505253668
0.658130190997 -0.00277037711552 -12.741547468 -12.7505253668
0.658130190997 -0.00295834317447 -12.741547468 -12.7505253668
0.656570246981 -0.00299325604483 -12.741547468 -12.7505253668
0.656570246981 -0.00299325604483 -12.741547468 -12.7505253668
0.656570246981 -0.00303101469494 -12.741547468 -12.7505253668
0.655914809563 -0.00303101469494 -12.741547468 -12.7505253668
0.655914809563 -0.00303101469494 -12.741547468 -12.7505253668
0.655914809563 -0.00303328619205 -12.741547468 -12.7505253668
0.655914809563 -0.0029985628273 -12.741547468 -12.7505253668
0.652540682706 -0.0029985628273 -12.0281624964 -12.6185276288
0.652540682706 -0.00281200497683 -12.0281624964 -12.6185276288
0.652540682706 -0.00281200497683 -12.0281624964 -12.6185276288
0.652540682706 -0.00281200497683 -12.0281624964 -12.6185276288
0.652540682706 -0.00253843826709 -12.0281624964 -12.6185276288
0.650057116909 -0.00255914421655 -12.0281624964 -12.6185276288
0.650057116909 -0.00254376159473 -12.0281624964 -12.6185276288
0.650057116909 -0.00254376159473 -12.0281624964 -12.6185276288
0.64794923575 -0.00254376159473 -12.0281624964 -12.6185276288
0.64794923575 -0.00251475756362 -12.0281624964 -12.6185276288
0.64794923575 -0.00251475756362 -12.0281624964 -12.6185276288
0.64794923575 -0.00543634034515 -7.60295808629 -10.077821909
0.64794923575 -0.00543634034515 -7.60295808629 -10.077821909
0.646066440032 -0.00266367990532 -7.60295808629 -10.077821909
0.646066440032 -0.00266367990532 -7.60295808629 -10.077821909
0.646066440032 -0.00266367990532 -7.60295808629 -10.077821909
0.642750463123 -0.0026569182958 -7.60295808629 -10.077821909
0.640600576116 -0.00245286078365 -7.60295808629 -10.077821909
0.640600576116 -0.00245286078365 -7.60295808629 -10.077821909
0.640600576116 -0.00245286078365 -7.60295808629 -10.077821909
0.640600576116 -0.00244733018372 -7.60295808629 -10.077821909
0.640600576116 -0.00242652171133 -7.60295808629 -10.077821909
0.640600576116 -0.002450534327 -7.60295808629 -10.077821909
0.640600576116 -0.00244486705881 -9.16330187944 -8.08267008361
0.640379421164 -0.00244486705881 -9.16330187944 -8.08267008361
0.640379421164 -0.00224266500765 -9.16330187944 -8.08267008361
0.640157748856 -0.00238736731947 -9.16330187944 -8.08267008361
0.640157748856 -0.0023813288923 -9.16330187944 -8.08267008361
0.640157748856 -0.0023813288923 -9.16330187944 -8.08267008361
0.640157748856 -0.0023813288923 -9.16330187944 -8.08267008361
0.639127789218 -0.0023813288923 -9.16330187944 -8.08267008361
0.639127789218 -0.00233496101146 -9.16330187944 -8.08267008361
0.639127789218 -0.00230420884478 -9.16330187944 -8.08267008361
0.639127789218 -0.00230420884478 -9.16330187944 -8.08267008361
0.639127789218 -0.00239786700676 -8.75453228682 -8.24290123634
0.637967825253 -0.00239786700676 -8.75453228682 -8.24290123634
0.637967825253 -0.00239786700676 -8.75453228682 -8.24290123634
0.637967825253 -0.00243486263421 -8.75453228682 -8.24290123634
0.637967825253 -0.0024865450028 -8.75453228682 -8.24290123634
0.637810051374 -0.00247011367168 -8.75453228682 -8.24290123634
0.637810051374 -0.00247011367168 -8.75453228682 -8.24290123634
0.637810051374 -0.00247011367168 -8.75453228682 -8.24290123634
0.637810051374 -0.00247011367168 -8.75453228682 -8.24290123634
0.637810051374 -0.00229741342923 -8.75453228682 -8.24290123634
0.63844768007 -0.00249501591199 -8.75453228682 -8.24290123634
0.63844768007 -0.00249501591199 -8.75453228682 -8.24290123634
0.63844768007 -0.00230690286189 -15.035585715 -5.42586833998
0.63844768007 -0.00230690286189 -15.035585715 -5.42586833998
0.639318656549 -0.00230690286189 -15.035585715 -5.42586833998
0.639318656549 -0.00230690286189 -15.035585715 -5.42586833998
0.639318656549 -0.0021333274999 -15.035585715 -5.42586833998
0.639318656549 -0.00214481865152 -15.035585715 -5.42586833998
0.639318656549 -0.0021242855144 -15.035585715 -5.42586833998
0.64010200561 -0.0021242855144 -15.035585715 -5.42586833998
0.64010200561 -0.0021242855144 -15.035585715 -5.42586833998
0.64010200561 -0.0021242855144 -15.035585715 -5.42586833998
0.64010200561 -0.0021187096644 -15.035585715 -5.42586833998
0.64010200561 -0.00208186939942 -15.035585715 -5.42586833998
0.640596295134 -0.00188924667256 -15.035585715 -5.42586833998
0.640596295134 -0.00188924667256 -15.035585715 -5.42586833998
0.640596295134 -0.00168566129058 -15.035585715 -5.42586833998
0.640596295134 -0.00168566129058 -15.035585715 -5.42586833998
0.640596295134 -0.00172919316208 -2.99511139177 -2.65161308277
0.640827306911 -0.00165502536525 -2.99511139177 -2.65161308277
0.640827306911 -0.00161154584252 -2.99511139177 -2.65161308277
0.640827306911 -0.00161154584252 -2.99511139177 -2.65161308277
0.640344761035 -0.00154771005674 -2.99511139177 -2.65161308277
0.640344761035 -0.00154771005674 -2.99511139177 -2.65161308277
0.640344761035 -0.00151095470221 -2.99511139177 -2.65161308277
0.640095427431 -0.00150356467282 -2.99511139177 -2.65161308277
0.640095427431 -0.00150356467282 -3.28879292201 -2.97749835991
0.640605637666 -0.0013637782048 -3.28879292201 -2.97749835991
0.640605637666 -0.0013637782048 -3.28879292201 -2.97749835991
0.640605637666 -0.0013637782048 -3.28879292201 -2.97749835991
0.640605637666 -0.0013637782048 -3.28879292201 -2.97749835991
0.641465227564 -0.00140926828305 -3.28879292201 -2.97749835991
0.641465227564 -0.00149178880826 -3.28879292201 -2.97749835991
0.641465227564 -0.00149178880826 -3.28879292201 -2.97749835991
0.642302686798 -0.00149178880826 -3.28879292201 -2.97749835991
0.642302686798 -0.00149178880826 -3.28879292201 -2.97749835991
0.642302686798 -0.00157001811565 -3.28879292201 -2.97749835991
0.642302686798 -0.00157001811565 -3.28879292201 -2.97749835991
0.642302686798 -0.00157001811565 -3.28879292201 -2.97749835991
0.643006401455 -0.00157026697289 -6.76137771051 0.773753544222
0.643006401455 -0.00157026697289 -6.76137771051 0.773753544222
0.643006401455 -0.00157026697289 -6.76137771051 0.773753544222
0.643006401455 -0.00100356129612 -6.76137771051 0.773753544222
0.643516388226 -0.00100356129612 -6.76137771051 0.773753544222
0.643516388226 -0.000712313809696 -6.76137771051 0.773753544222
0.643516388226 -0.000712313809696 -6.76137771051 0.773753544222
0.643516388226 -0.000712313809696 -6.76137771051 0.773753544222
0.64399344716 -0.000712313809696 -6.76137771051 0.773753544222
0.64399344716 -0.000628074231162 -6.76137771051 0.773753544222
0.64399344716 -0.00059904169337 -6.76137771051 0.773753544222
0.64399344716 -0.000608105481575 -6.76137771051 0.773753544222
0.64459865273 -0.000608105481575 -6.76137771051 0.773753544222
0.64459865273 -0.000608105481575 -4.25648791626 -0.131133255418
0.64459865273 -0.000595250388159 -4.25648791626 -0.131133255418
0.64459865273 -0.000542915203571 -4.25648791626 -0.131133255418
0.64459865273 -0.000542915203571 -4.25648791626 -0.131133255418
0.64537916913 -0.000501849061227 -4.25648791626 -0.131133255418
0.64537916913 -0.000501849061227 -4.25648791626 -0.131133255418
0.64537916913 -0.000501849061227 -4.25648791626 -0.131133255418
0.64537916913 -0.000353473277624 -4.25648791626 -0.131133255418
0.646021420168 -0.000279372388874 -4.25648791626 -0.131133255418
0.646021420168 7.35677311812e-05 -4.25648791626 -0.131133255418
0.646021420168 7.35677311812e-05 -4.25648791626 -0.131133255418
0.646021420168 7.35677311812e-05 -4.25648791626 -0.131133255418
0.646021420168 7.35677311812e-05 -4.25648791626 -0.131133255418
0.646192207041 -0.000214378209851 -4.25648791626 -0.131133255418
0.646192207041 -0.000136547749979 -4.28656485931 -2.20688755597
0.646192207041 4.01225858226e-05 -4.28656485931 -2.20688755597
0.646718786233 4.01225858226e-05 -4.28656485931 -2.20688755597
0.646718786233 4.01225858226e-05 -4.28656485931 -2.20688755597
0.646718786233 0.000248863621895 -4.28656485931 -2.20688755597
0.646718786233 0.000248863621895 -4.28656485931 -2.20688755597
0.64778241586 -3.73031796959e-05 -4.28656485931 -2.20688755597
0.64778241586 -3.73031796959e-05 -4.28656485931 -2.20688755597
0.64778241586 -8.19980270452e-05 -4.28656485931 -2.20688755597
0.648746195692 0.000517970739633 -4.28656485931 -2.20688755597
0.648746195692 0.000517970739633 -4.28656485931 -2.20688755597
0.648747930277 0.000517970739633 -4.28656485931 -2.20688755597
0.648747930277 0.000407921620238 -4.28656485931 -2.20688755597
0.648747930277 0.000354785119139 -4.28656485931 -2.20688755597
0.648747930277 0.000342479884892 -4.28656485931 -2.20688755597
0.648747930277 0.000361845983811 -4.28656485931 -2.20688755597
0.648130058026 0.000669497342397 -2.25999817725 -1.97254837039
0.648293730847 0.000711457175566 -2.25999817725 -1.97254837039
0.648293730847 0.000711457175566 -2.25999817725 -1.97254837039
0.648293730847 0.000711457175566 -2.25999817725 -1.97254837039
0.648293730847 0.000711457175566 -2.25999817725 -1.97254837039
0.649948826633 0.000633859061605 -2.25999817725 -1.97254837039
0.649948826633 0.00065656778262 -2.25999817725 -1.97254837039
0.649948826633 0.000746290188665 -10.0286057464 -2.07570014206
0.649948826633 0.000746290188665 -10.0286057464 -2.07570014206
0.65088841215 0.000746290188665 -10.0286057464 -2.07570014206
0.65088841215 0.000855272878876 -10.0286057464 -2.07570014206
0.65088841215 0.00103070721773 -10.0286057464 -2.07570014206
0.65088841215 0.00113733118332 -10.0286057464 -2.07570014206
0.650515219491 0.00113733118332 -10.0286057464 -2.07570014206
0.650515219491 0.00113733118332 -10.0286057464 -2.07570014206
0.650515219491 0.00104916584456 -3.59982086823 -4.98029000546
0.650515219491 0.00076759431008 -3.59982086823 -4.98029000546
0.649670614514 0.00121541707493 -3.59982086823 -4.98029000546
0.649670614514 0.00121541707493 -3.59982086823 -4.98029000546
0.649670614514 0.00121541707493 -3.59982086823 -4.98029000546
0.649670614514 0.00121541707493 -3.59982086823 -4.98029000546
0.64984268891 0.00142965125496 -3.59982086823 -4.98029000546
0.64984268891 0.00147031508053 -3.59982086823 -4.98029000546
0.64984268891 0.00143185031913 -3.59982086823 -4.98029000546
0.651151618175 0.00143185031913 -3.59982086823 -4.98029000546
0.651151618175 0.000759940485022 -3.59982086823 -4.98029000546
0.651151618175 0.000486713242847 -3.59982086823 -4.98029000546
0.651151618175 0.000486713242847 -3.59982086823 -4.98029000546
0.652297530571 0.000486713242847 -3.59982086823 -4.98029000546
0.652297530571 0.000312976999506 -6.45875558663 -5.87651325654
0.652297530571 0.000312976999506 -6.45875558663 -5.87651325654
0.652297530571 0.000312976999506 -6.45875558663 -5.87651325654
0.652297530571 0.000312976999506 -6.45875558663 -5.87651325654
0.652297530571 0.000312976999506 -6.45875558663 -5.87651325654
0.652297530571 0.000301786657829 -6.45875558663 -5.87651325654
0.657041460378 0.000559384195014 -6.45875558663 -5.87651325654
0.657041460378 0.000700805496123 -6.45875558663 -5.87651325654
0.657041460378 0.000700805496123 -6.45875558663 -5.87651325654
0.657041460378 0.000700805496123 -6.45875558663 -5.87651325654
0.657041460378 0.000529992383886 -6.45875558663 -5.87651325654
0.657041460378 0.000540374341788 -6.45875558663 -5.87651325654
0.65800245949 0.000540374341788 -6.45875558663 -5.87651325654
0.65800245949 0.000540374341788 -6.45875558663 -5.87651325654
0.65800245949 0.000538452595382 -0.619934478965 -5.95590174504
0.65800245949 0.000538452595382 -0.619934478965 -5.95590174504
0.658829423871 0.000921064951854 -0.619934478965 -5.95590174504
0.658829423871 0.00064839118734 -0.619934478965 -5.95590174504
0.660766351588 -0.000257154700932 -0.619934478965 -5.95590174504
0.660766351588 -0.000257154700932 -0.619934478965 -5.95590174504
0.663404576465 -0.000516172625193 -3.41302334109 -8.81969876761
0.663404576465 -0.000482543655576 -3.41302334109 -8.81969876761
0.663404576465 -0.000482543655576 -3.41302334109 -8.81969876761
0.663404576465 -0.000484366978903 -3.41302334109 -8.81969876761
0.665836927393 -0.000484366978903 -3.41302334109 -8.81969876761
0.665836927393 -0.000484366978903 -3.41302334109 -8.81969876761
0.665836927393 -0.000484366978903 -3.41302334109 -8.81969876761
0.665836927393 -0.000484366978903 -3.41302334109 -8.81969876761
0.665836927393 -0.000510982322197 -3.41302334109 -8.81969876761
0.668253882342 -0.000564655458298 -3.41302334109 -8.81969876761
0.668253882342 -0.000564655458298 -3.41302334109 -8.81969876761
0.668253882342 -0.000619293410331 -3.41302334109 -8.81969876761
0.670370553776 -0.000478509272888 -3.41302334109 -8.81969876761
0.670370553776 -0.000478509272888 -2.78220092025 -11.1502369589
0.672882422534 -0.000478509272888 -2.78220092025 -11.1502369589
0.672882422534 -0.000863878080203 -2.78220092025 -11.1502369589
0.672882422534 -0.000744452142623 -2.78220092025 -11.1502369589
0.675627319689 -0.000707635881166 -2.78220092025 -11.1502369589
0.675627319689 -0.000707635881166 -2.78220092025 -11.1502369589
0.675627319689 -0.000707635881166 -2.78220092025 -11.1502369589
0.675627319689 -0.00108312372438 -2.78220092025 -11.1502369589
0.675627319689 -0.00108482820452 -2.78220092025 -11.1502369589
0.677623254185 -0.00108482820452 -2.78220092025 -11.1502369589
0.677623254185 -0.000991379281618 -2.78220092025 -11.1502369589
0.677623254185 -0.000991379281618 -2.78220092025 -11.1502369589
0.679860417197 -0.000991379281618 3.61970465281 -8.83716430082
0.679860417197 -0.000272959261203 3.61970465281 -8.83716430082
0.682402906265 -0.000272959261203 3.61970465281 -8.83716430082
0.682402906265 -0.000865102706626 3.61970465281 -8.83716430082
0.684977348899 -0.000865102706626 3.61970465281 -8.83716430082
0.684977348899 -0.00056951219965 3.61970465281 -8.83716430082
0.686967574483 -0.000547801152326 3.61970465281 -8.83716430082
0.686967574483 -0.000815726190019 3.61970465281 -8.83716430082
0.68785452956 -0.000789330400085 0.673841708619 -9.07052249743
0.68785452956 -0.000789330400085 0.673841708619 -9.07052249743
0.68785452956 -0.00110153049706 0.673841708619 -9.07052249743
0.688712264592 -0.00110153049706 0.673841708619 -9.07052249743
0.688712264592 -0.00123590858497 0.673841708619 -9.07052249743
0.688712264592 -0.00123590858497 0.673841708619 -9.07052249743
0.688712264592 -0.00128133958944 0.673841708619 -9.07052249743
0.688712264592 -0.00128133958944 0.673841708619 -9.07052249743
0.689615388674 -0.00165019373375 1.99813550718 -11.4870977335
0.689615388674 -0.00165019373375 1.99813550718 -11.4870977335
0.689615388674 -0.00168100537567 1.99813550718 -11.4870977335
0.689615388674 -0.00173998305365 1.99813550718 -11.4870977335
0.69068899561 -0.00194511786524 1.99813550718 -11.4870977335
0.692109469318 -0.002245291532 1.99813550718 -11.4870977335
0.692109469318 -0.00179495941027 1.99813550718 -11.4870977335
0.693213958745 -0.00166744251333 -1.75179115744 -8.18282764255
0.694086507245 -0.00166744251333 -1.75179115744 -8.18282764255
0.694086507245 -0.00178801467282 -1.75179115744 -8.18282764255
0.694086507245 -0.00167468105704 -1.75179115744 -8.18282764255
0.694440199127 -0.00167468105704 -1.75179115744 -8.18282764255
0.694440199127 -0.00167468105704 -1.75179115744 -8.18282764255
0.694440199127 -0.00157983864133 -1.75179115744 -8.18282764255
0.694440199127 -0.00157983864133 -1.75179115744 -8.18282764255
0.694440199127 -0.00152211258851 -1.75179115744 -8.18282764255
0.695082381537 -0.00145647007485 -1.75179115744 -8.18282764255
0.695082381537 -0.00145647007485 2.74290531698 -8.04350707868
0.695082381537 -0.00145647007485 2.74290531698 -8.04350707868
0.695082381537 -0.00145647007485 2.74290531698 -8.04350707868
0.695216332773 -0.00123149894649 2.74290531698 -8.04350707868
0.695216332773 -0.00146869546272 2.74290531698 -8.04350707868
0.695216332773 -0.00146869546272 2.74290531698 -8.04350707868
0.695216332773 -0.00146869546272 2.74290531698 -8.04350707868
0.695216332773 -0.00146869546272 2.74290531698 -8.04350707868
0.694959739347 -0.00146869546272 2.74290531698 -8.04350707868
0.694959739347 -0.00136995162429 2.74290531698 -8.04350707868
0.694959739347 -0.00136995162429 2.74290531698 -8.04350707868
0.694959739347 -0.00140036136733 2.74290531698 -8.04350707868
0.694959739347 -0.00142060958907 2.79342252958 -7.13547040211
0.696452064471 -0.00176798708851 2.79342252958 -7.13547040211
0.696452064471 -0.00184935593314 2.79342252958 -7.13547040211
0.696452064471 -0.00184935593314 2.79342252958 -7.13547040211
0.696452064471 -0.00184935593314 2.79342252958 -7.13547040211
0.698133724144 -0.00187974307874 2.79342252958 -7.13547040211
0.698133724144 -0.00196766573297 2.79342252958 -7.13547040211
0.698133724144 -0.00201376141858 2.79342252958 -7.13547040211
0.698133724144 -0.00201376141858 2.79342252958 -7.13547040211
0.698133724144 -0.00201376141858 2.79342252958 -7.13547040211
0.698133724144 -0.00201376141858 2.79342252958 -7.13547040211
0.699255577528 -0.00201376141858 2.79342252958 -7.13547040211
0.699255577528 -0.00201376141858 2.79342252958 -7.13547040211
0.699255577528 -0.00187459128302 2.79342252958 -7.13547040211
0.699255577528 -0.00187459128302 2.79342252958 -7.13547040211
0.699255577528 -0.0015726875638 0.85226628634 -6.38334380092
0.700342446605 -0.0015726875638 0.85226628634 -6.38334380092
0.700342446605 -0.0015726875638 0.85226628634 -6.38334380092
0.700342446605 -0.0015726875638 0.85226628634 -6.38334380092
0.700342446605 -0.0015726875638 0.85226628634 -6.38334380092
0.700342446605 -0.00136872197928 0.85226628634 -6.38334380092
0.701017436523 -0.00136872197928 0.85226628634 -6.38334380092
0.701764203731 -0.00127178537286 0.85226628634 -6.38334380092
0.701764203731 -0.00127178537286 0.85226628634 -6.38334380092
0.701764203731 -0.00127178537286 0.85226628634 -6.38334380092
0.701764203731 -0.00127178537286 0.85226628634 -6.38334380092
0.701764203731 -3.87965551103e-05 0.85226628634 -6.38334380092
0.701764203731 -3.87965551103e-05 0.85226628634 -6.38334380092
0.701764203731 -3.87965551103e-05 0.85226628634 -6.38334380092
0.701764203731 -0.000196021963248 0.85226628634 -6.38334380092
0.703279389439 -0.000196021963248 0.85226628634 -6.38334380092
0.703279389439 -0.000196021963248 -0.333680611073 -3.67378759637
0.703279389439 0.00049278628601 -0.333680611073 -3.67378759637
0.703279389439 0.00049278628601 -0.333680611073 -3.67378759637
0.704798033331 0.000478670310176 -0.333680611073 -3.67378759637
0.704798033331 0.000478670310176 -0.333680611073 -3.67378759637
0.704798033331 0.000478670310176 -0.333680611073 -3.67378759637
0.704798033331 0.000478670310176 -0.333680611073 -3.67378759637
0.704798033331 -0.000318573591777 -0.333680611073 -3.67378759637
0.706705530974 -0.000340722829321 -0.333680611073 -3.67378759637
0.706705530974 -0.000340722829321 -0.333680611073 -3.67378759637
0.709300955271 -0.000340722829321 -0.333680611073 -3.67378759637
0.709300955271 0.000385124764002 -3.41764374114 -1.92089741851
0.709300955271 0.000519631048902 -3.41764374114 -1.92089741851
0.709300955271 0.000314764304186 -3.41764374114 -1.92089741851
0.710633322839 0.000314764304186 -3.41764374114 -1.92089741851
0.710633322839 0.000314764304186 -3.41764374114 -1.92089741851
0.710633322839 0.000314764304186 -3.41764374114 -1.92089741851
0.710633322839 -0.000116214574387 -3.41764374114 -1.92089741851
0.710633322839 -0.000308395628692 -3.41764374114 -1.92089741851
0.713055947952 -0.000301382961596 -3.41764374114 -1.92089741851
0.713055947952 -0.000301382961596 -3.41764374114 -1.92089741851
0.713055947952 -0.000301382961596 -3.41764374114 -1.92089741851
0.713055947952 -0.000301382961596 -3.41764374114 -1.92089741851
0.713055947952 -0.000134396775032 -3.41764374114 -1.92089741851
0.716011387855 -0.000195144350837 -3.41764374114 -1.92089741851
0.716011387855 -0.000195144350837 -3.41764374114 -1.92089741851
0.716011387855 -0.000332601872103 -3.41764374114 -1.92089741851
0.716011387855 -0.000332601872103 -3.41764374114 -1.92089741851
0.716011387855 -8.48475033375e-05 2.25818881554 0.422412635649
0.719769876459 -0.000136787335524 2.25818881554 0.422412635649
0.719769876459 -0.000191996698867 2.25818881554 0.422412635649
0.719769876459 -0.000191996698867 2.25818881554 0.422412635649
0.719769876459 -0.000191996698867 2.25818881554 0.422412635649
0.721487411047 -0.000191996698867 2.25818881554 0.422412635649
0.721487411047 -0.000301494675426 2.25818881554 0.422412635649
0.721487411047 -0.000326434804365 2.20276196437 1.10455861313
0.722949007166 -0.000326434804365 2.20276196437 1.10455861313
0.722949007166 -0.000326434804365 2.20276196437 1.10455861313
0.722949007166 -0.000326434804365 2.20276196437 1.10455861313
0.722949007166 -0.000357194698676 2.20276196437 1.10455861313
0.722949007166 -0.000357194698676 2.20276196437 1.10455861313
0.724308753697 -0.000354389920438 2.20276196437 1.10455861313
0.724308753697 -0.000354389920438 2.20276196437 1.10455861313
0.724308753697 -0.000354389920438 2.20276196437 1.10455861313
0.724308753697 -0.000354389920438 2.20276196437 1.10455861313
0.724308753697 -0.00014103915477 2.20276196437 1.10455861313
0.724571540239 -0.00014103915477 2.20276196437 1.10455861313
0.724571540239 -0.000112125213892 2.20276196437 1.10455861313
0.724571540239 -7.21417108198e-05 2.20276196437 1.10455861313
0.724571540239 -4.65933903619e-05 -2.85747208443 0.249070949939
0.724652517927 -3.03134132658e-05 -2.85747208443 0.249070949939
0.724652517927 7.36989724683e-05 -2.85747208443 0.249070949939
0.724800064085 7.36989724683e-05 -2.85747208443 0.249070949939
0.724800064085 7.36989724683e-05 -2.85747208443 0.249070949939
0.724800064085 7.36989724683e-05 -2.85747208443 0.249070949939
0.724800064085 0.000229909303907 -2.85747208443 0.249070949939
0.724996793164 0.000229909303907 -2.85747208443 0.249070949939
0.724996793164 0.000221360269677 -2.85747208443 0.249070949939
0.724996793164 0.000221360269677 -2.85747208443 0.249070949939
0.724996793164 0.000221360269677 -2.85747208443 0.249070949939
0.725023139358 0.000215842287957 0.56341470758 -3.7433166555
0.725023139358 0.000188689611818 0.56341470758 -3.7433166555
0.725023139358 0.000188689611818 0.56341470758 -3.7433166555
0.725524242154 0.000188689611818 0.56341470758 -3.7433166555
0.725524242154 0.000184929143721 0.56341470758 -3.7433166555
0.725524242154 0.000183366134457 0.56341470758 -3.7433166555
0.725524242154 0.000177308128421 0.56341470758 -3.7433166555
0.725524242154 0.000177308128421 0.56341470758 -3.7433166555
0.726537057658 0.000163137042769 0.56341470758 -3.7433166555
0.726537057658 0.000163137042769 0.56341470758 -3.7433166555
0.726537057658 0.000163137042769 0.56341470758 -3.7433166555
0.726537057658 0.000169614667961 0.56341470758 -3.7433166555
0.727187080817 0.000169614667961 -1.01450404574 -1.4571896064
0.727254988728 0.000169614667961 -1.01450404574 -1.4571896064
